mode: set
github.com/mcpany/jules/internal/service/cron.go:19.111,27.16 2 0
github.com/mcpany/jules/internal/service/cron.go:27.16,29.3 1 0
github.com/mcpany/jules/internal/service/cron.go:30.2,33.18 3 0
github.com/mcpany/jules/internal/service/cron.go:33.18,45.17 4 0
github.com/mcpany/jules/internal/service/cron.go:45.17,47.4 1 0
github.com/mcpany/jules/internal/service/cron.go:49.3,49.22 1 0
github.com/mcpany/jules/internal/service/cron.go:49.22,51.4 1 0
github.com/mcpany/jules/internal/service/cron.go:52.3,52.22 1 0
github.com/mcpany/jules/internal/service/cron.go:52.22,54.4 1 0
github.com/mcpany/jules/internal/service/cron.go:56.3,56.27 1 0
github.com/mcpany/jules/internal/service/cron.go:56.27,57.49 1 0
github.com/mcpany/jules/internal/service/cron.go:57.49,59.5 1 0
github.com/mcpany/jules/internal/service/cron.go:59.10,61.5 1 0
github.com/mcpany/jules/internal/service/cron.go:63.3,63.26 1 0
github.com/mcpany/jules/internal/service/cron.go:65.2,65.54 1 0
github.com/mcpany/jules/internal/service/cron.go:68.111,74.60 4 1
github.com/mcpany/jules/internal/service/cron.go:74.60,76.3 1 0
github.com/mcpany/jules/internal/service/cron.go:78.2,88.16 2 1
github.com/mcpany/jules/internal/service/cron.go:88.16,90.3 1 0
github.com/mcpany/jules/internal/service/cron.go:92.2,106.8 1 1
github.com/mcpany/jules/internal/service/cron.go:109.114,122.21 3 0
github.com/mcpany/jules/internal/service/cron.go:122.21,125.3 2 0
github.com/mcpany/jules/internal/service/cron.go:126.2,126.25 1 0
github.com/mcpany/jules/internal/service/cron.go:126.25,129.3 2 0
github.com/mcpany/jules/internal/service/cron.go:130.2,130.23 1 0
github.com/mcpany/jules/internal/service/cron.go:130.23,133.3 2 0
github.com/mcpany/jules/internal/service/cron.go:134.2,134.21 1 0
github.com/mcpany/jules/internal/service/cron.go:134.21,137.3 2 0
github.com/mcpany/jules/internal/service/cron.go:138.2,138.23 1 0
github.com/mcpany/jules/internal/service/cron.go:138.23,141.3 2 0
github.com/mcpany/jules/internal/service/cron.go:142.2,142.29 1 0
github.com/mcpany/jules/internal/service/cron.go:142.29,145.3 2 0
github.com/mcpany/jules/internal/service/cron.go:146.2,146.31 1 0
github.com/mcpany/jules/internal/service/cron.go:146.31,148.62 2 0
github.com/mcpany/jules/internal/service/cron.go:148.62,150.4 1 0
github.com/mcpany/jules/internal/service/cron.go:151.3,152.31 2 0
github.com/mcpany/jules/internal/service/cron.go:154.2,154.36 1 0
github.com/mcpany/jules/internal/service/cron.go:154.36,157.3 2 0
github.com/mcpany/jules/internal/service/cron.go:158.2,158.29 1 0
github.com/mcpany/jules/internal/service/cron.go:158.29,161.3 2 0
github.com/mcpany/jules/internal/service/cron.go:162.2,162.24 1 0
github.com/mcpany/jules/internal/service/cron.go:162.24,165.3 2 0
github.com/mcpany/jules/internal/service/cron.go:167.2,171.16 4 0
github.com/mcpany/jules/internal/service/cron.go:171.16,173.3 1 0
github.com/mcpany/jules/internal/service/cron.go:175.2,175.30 1 0
github.com/mcpany/jules/internal/service/cron.go:178.114,180.16 2 0
github.com/mcpany/jules/internal/service/cron.go:180.16,182.3 1 0
github.com/mcpany/jules/internal/service/cron.go:183.2,183.30 1 0
github.com/mcpany/jules/internal/service/cron.go:186.114,188.16 2 0
github.com/mcpany/jules/internal/service/cron.go:188.16,190.3 1 0
github.com/mcpany/jules/internal/service/cron.go:191.2,191.30 1 0
github.com/mcpany/jules/internal/service/cron.go:194.116,201.16 4 0
github.com/mcpany/jules/internal/service/cron.go:201.16,203.3 1 0
github.com/mcpany/jules/internal/service/cron.go:206.2,220.16 5 0
github.com/mcpany/jules/internal/service/cron.go:220.16,222.3 1 0
github.com/mcpany/jules/internal/service/cron.go:225.2,227.30 2 0
github.com/mcpany/jules/internal/service/job.go:21.99,30.16 3 1
github.com/mcpany/jules/internal/service/job.go:30.16,32.3 1 0
github.com/mcpany/jules/internal/service/job.go:33.2,36.18 3 1
github.com/mcpany/jules/internal/service/job.go:36.18,53.17 3 1
github.com/mcpany/jules/internal/service/job.go:53.17,55.4 1 0
github.com/mcpany/jules/internal/service/job.go:57.3,57.19 1 1
github.com/mcpany/jules/internal/service/job.go:57.19,59.4 1 1
github.com/mcpany/jules/internal/service/job.go:60.3,60.25 1 1
github.com/mcpany/jules/internal/service/job.go:60.25,62.4 1 1
github.com/mcpany/jules/internal/service/job.go:63.3,63.19 1 1
github.com/mcpany/jules/internal/service/job.go:63.19,65.4 1 1
github.com/mcpany/jules/internal/service/job.go:66.3,66.32 1 1
github.com/mcpany/jules/internal/service/job.go:66.32,68.4 1 1
github.com/mcpany/jules/internal/service/job.go:69.3,69.22 1 1
github.com/mcpany/jules/internal/service/job.go:69.22,71.4 1 1
github.com/mcpany/jules/internal/service/job.go:72.3,72.22 1 1
github.com/mcpany/jules/internal/service/job.go:72.22,74.4 1 1
github.com/mcpany/jules/internal/service/job.go:76.3,76.58 1 1
github.com/mcpany/jules/internal/service/job.go:76.58,77.87 1 1
github.com/mcpany/jules/internal/service/job.go:77.87,79.5 1 0
github.com/mcpany/jules/internal/service/job.go:80.9,82.4 1 0
github.com/mcpany/jules/internal/service/job.go:84.3,84.27 1 1
github.com/mcpany/jules/internal/service/job.go:84.27,85.49 1 1
github.com/mcpany/jules/internal/service/job.go:85.49,87.5 1 0
github.com/mcpany/jules/internal/service/job.go:87.10,89.5 1 1
github.com/mcpany/jules/internal/service/job.go:92.3,92.26 1 1
github.com/mcpany/jules/internal/service/job.go:94.2,94.46 1 1
github.com/mcpany/jules/internal/service/job.go:97.89,98.18 1 1
github.com/mcpany/jules/internal/service/job.go:98.18,100.3 1 0
github.com/mcpany/jules/internal/service/job.go:102.2,126.26 4 1
github.com/mcpany/jules/internal/service/job.go:126.26,128.3 1 0
github.com/mcpany/jules/internal/service/job.go:128.8,128.23 1 1
github.com/mcpany/jules/internal/service/job.go:128.23,130.3 1 0
github.com/mcpany/jules/internal/service/job.go:132.2,132.18 1 1
github.com/mcpany/jules/internal/service/job.go:132.18,134.3 1 1
github.com/mcpany/jules/internal/service/job.go:135.2,135.24 1 1
github.com/mcpany/jules/internal/service/job.go:135.24,137.3 1 1
github.com/mcpany/jules/internal/service/job.go:138.2,138.18 1 1
github.com/mcpany/jules/internal/service/job.go:138.18,140.3 1 1
github.com/mcpany/jules/internal/service/job.go:141.2,141.31 1 1
github.com/mcpany/jules/internal/service/job.go:141.31,143.3 1 1
github.com/mcpany/jules/internal/service/job.go:144.2,144.21 1 1
github.com/mcpany/jules/internal/service/job.go:144.21,146.3 1 1
github.com/mcpany/jules/internal/service/job.go:147.2,147.21 1 1
github.com/mcpany/jules/internal/service/job.go:147.21,149.3 1 1
github.com/mcpany/jules/internal/service/job.go:151.2,151.57 1 1
github.com/mcpany/jules/internal/service/job.go:151.57,152.86 1 1
github.com/mcpany/jules/internal/service/job.go:152.86,154.4 1 0
github.com/mcpany/jules/internal/service/job.go:155.8,157.3 1 0
github.com/mcpany/jules/internal/service/job.go:159.2,159.71 1 1
github.com/mcpany/jules/internal/service/job.go:159.71,161.3 1 0
github.com/mcpany/jules/internal/service/job.go:163.2,163.16 1 1
github.com/mcpany/jules/internal/service/job.go:166.95,167.25 1 1
github.com/mcpany/jules/internal/service/job.go:167.25,169.3 1 0
github.com/mcpany/jules/internal/service/job.go:170.2,170.29 1 1
github.com/mcpany/jules/internal/service/job.go:170.29,172.3 1 0
github.com/mcpany/jules/internal/service/job.go:174.2,175.14 2 1
github.com/mcpany/jules/internal/service/job.go:175.14,177.3 1 1
github.com/mcpany/jules/internal/service/job.go:179.2,180.21 2 1
github.com/mcpany/jules/internal/service/job.go:180.21,182.3 1 1
github.com/mcpany/jules/internal/service/job.go:184.2,185.27 2 1
github.com/mcpany/jules/internal/service/job.go:185.27,187.3 1 1
github.com/mcpany/jules/internal/service/job.go:189.2,190.60 2 1
github.com/mcpany/jules/internal/service/job.go:190.60,192.3 1 0
github.com/mcpany/jules/internal/service/job.go:194.2,203.16 2 1
github.com/mcpany/jules/internal/service/job.go:203.16,205.3 1 0
github.com/mcpany/jules/internal/service/job.go:208.2,224.8 1 1
github.com/mcpany/jules/internal/service/job.go:227.112,229.16 2 0
github.com/mcpany/jules/internal/service/job.go:229.16,231.3 1 0
github.com/mcpany/jules/internal/service/job.go:232.2,241.16 3 0
github.com/mcpany/jules/internal/service/job.go:241.16,243.3 1 0
github.com/mcpany/jules/internal/service/job.go:244.2,246.29 2 0
github.com/mcpany/jules/internal/service/job.go:246.29,247.24 1 0
github.com/mcpany/jules/internal/service/job.go:247.24,249.4 1 0
github.com/mcpany/jules/internal/service/job.go:250.3,250.28 1 0
github.com/mcpany/jules/internal/service/job.go:250.28,252.4 1 0
github.com/mcpany/jules/internal/service/job.go:254.3,255.26 2 0
github.com/mcpany/jules/internal/service/job.go:255.26,257.4 1 0
github.com/mcpany/jules/internal/service/job.go:259.3,260.59 2 0
github.com/mcpany/jules/internal/service/job.go:260.59,262.4 1 0
github.com/mcpany/jules/internal/service/job.go:264.3,265.15 2 0
github.com/mcpany/jules/internal/service/job.go:265.15,267.4 1 0
github.com/mcpany/jules/internal/service/job.go:268.3,269.22 2 0
github.com/mcpany/jules/internal/service/job.go:269.22,271.4 1 0
github.com/mcpany/jules/internal/service/job.go:273.3,275.65 1 0
github.com/mcpany/jules/internal/service/job.go:275.65,277.4 1 0
github.com/mcpany/jules/internal/service/job.go:280.2,280.36 1 0
github.com/mcpany/jules/internal/service/job.go:280.36,282.3 1 0
github.com/mcpany/jules/internal/service/job.go:283.2,283.30 1 0
github.com/mcpany/jules/internal/service/job.go:286.102,291.21 4 0
github.com/mcpany/jules/internal/service/job.go:291.21,292.27 1 0
github.com/mcpany/jules/internal/service/job.go:292.27,294.4 1 0
github.com/mcpany/jules/internal/service/job.go:295.3,297.17 3 0
github.com/mcpany/jules/internal/service/job.go:299.2,299.23 1 0
github.com/mcpany/jules/internal/service/job.go:299.23,303.3 3 0
github.com/mcpany/jules/internal/service/job.go:306.2,306.14 1 0
github.com/mcpany/jules/internal/service/job.go:306.14,308.3 1 0
github.com/mcpany/jules/internal/service/job.go:310.2,315.16 5 0
github.com/mcpany/jules/internal/service/job.go:315.16,317.3 1 0
github.com/mcpany/jules/internal/service/job.go:319.2,319.30 1 0
github.com/mcpany/jules/internal/service/job.go:322.102,324.16 2 0
github.com/mcpany/jules/internal/service/job.go:324.16,326.3 1 0
github.com/mcpany/jules/internal/service/job.go:327.2,327.30 1 0
github.com/mcpany/jules/internal/service/log.go:14.103,16.16 2 0
github.com/mcpany/jules/internal/service/log.go:16.16,18.3 1 0
github.com/mcpany/jules/internal/service/log.go:21.2,22.25 2 0
github.com/mcpany/jules/internal/service/log.go:22.25,24.3 1 0
github.com/mcpany/jules/internal/service/log.go:26.2,26.49 1 0
github.com/mcpany/jules/internal/service/profile.go:19.111,21.16 2 0
github.com/mcpany/jules/internal/service/profile.go:21.16,23.3 1 0
github.com/mcpany/jules/internal/service/profile.go:24.2,27.18 3 0
github.com/mcpany/jules/internal/service/profile.go:27.18,29.65 2 0
github.com/mcpany/jules/internal/service/profile.go:29.65,31.4 1 0
github.com/mcpany/jules/internal/service/profile.go:32.3,32.34 1 0
github.com/mcpany/jules/internal/service/profile.go:35.2,35.58 1 0
github.com/mcpany/jules/internal/service/profile.go:38.111,39.20 1 0
github.com/mcpany/jules/internal/service/profile.go:39.20,41.3 1 0
github.com/mcpany/jules/internal/service/profile.go:42.2,42.25 1 0
github.com/mcpany/jules/internal/service/profile.go:42.25,44.3 1 0
github.com/mcpany/jules/internal/service/profile.go:46.2,50.16 4 0
github.com/mcpany/jules/internal/service/profile.go:50.16,52.3 1 0
github.com/mcpany/jules/internal/service/profile.go:54.2,58.8 1 0
github.com/mcpany/jules/internal/service/profile.go:61.114,62.18 1 0
github.com/mcpany/jules/internal/service/profile.go:62.18,64.3 1 0
github.com/mcpany/jules/internal/service/profile.go:66.2,66.25 1 0
github.com/mcpany/jules/internal/service/profile.go:66.25,68.3 1 0
github.com/mcpany/jules/internal/service/profile.go:70.2,71.16 2 0
github.com/mcpany/jules/internal/service/profile.go:71.16,73.3 1 0
github.com/mcpany/jules/internal/service/profile.go:75.2,75.30 1 0
github.com/mcpany/jules/internal/service/prompt.go:20.128,22.16 2 0
github.com/mcpany/jules/internal/service/prompt.go:22.16,24.3 1 0
github.com/mcpany/jules/internal/service/prompt.go:25.2,28.18 3 0
github.com/mcpany/jules/internal/service/prompt.go:28.18,30.77 2 0
github.com/mcpany/jules/internal/service/prompt.go:30.77,32.4 1 0
github.com/mcpany/jules/internal/service/prompt.go:33.3,33.32 1 0
github.com/mcpany/jules/internal/service/prompt.go:35.2,35.65 1 0
github.com/mcpany/jules/internal/service/prompt.go:38.121,41.16 3 0
github.com/mcpany/jules/internal/service/prompt.go:41.16,43.3 1 0
github.com/mcpany/jules/internal/service/prompt.go:44.2,44.16 1 0
github.com/mcpany/jules/internal/service/prompt.go:47.127,48.26 1 0
github.com/mcpany/jules/internal/service/prompt.go:48.26,50.3 1 0
github.com/mcpany/jules/internal/service/prompt.go:51.2,51.29 1 0
github.com/mcpany/jules/internal/service/prompt.go:51.29,53.3 1 0
github.com/mcpany/jules/internal/service/prompt.go:54.2,55.16 2 0
github.com/mcpany/jules/internal/service/prompt.go:55.16,57.3 1 0
github.com/mcpany/jules/internal/service/prompt.go:58.2,58.130 1 0
github.com/mcpany/jules/internal/service/prompt.go:61.131,63.16 2 0
github.com/mcpany/jules/internal/service/prompt.go:63.16,65.3 1 0
github.com/mcpany/jules/internal/service/prompt.go:66.2,69.16 3 0
github.com/mcpany/jules/internal/service/prompt.go:69.16,71.3 1 0
github.com/mcpany/jules/internal/service/prompt.go:72.2,74.32 2 0
github.com/mcpany/jules/internal/service/prompt.go:74.32,75.25 1 0
github.com/mcpany/jules/internal/service/prompt.go:75.25,77.4 1 0
github.com/mcpany/jules/internal/service/prompt.go:78.3,78.28 1 0
github.com/mcpany/jules/internal/service/prompt.go:78.28,80.4 1 0
github.com/mcpany/jules/internal/service/prompt.go:81.3,81.76 1 0
github.com/mcpany/jules/internal/service/prompt.go:81.76,83.4 1 0
github.com/mcpany/jules/internal/service/prompt.go:85.2,85.38 1 0
github.com/mcpany/jules/internal/service/prompt.go:88.121,89.47 1 0
github.com/mcpany/jules/internal/service/prompt.go:89.47,91.3 1 0
github.com/mcpany/jules/internal/service/prompt.go:92.2,92.51 1 0
github.com/mcpany/jules/internal/service/prompt.go:92.51,94.3 1 0
github.com/mcpany/jules/internal/service/prompt.go:95.2,96.16 2 0
github.com/mcpany/jules/internal/service/prompt.go:96.16,98.3 1 0
github.com/mcpany/jules/internal/service/prompt.go:99.2,99.30 1 0
github.com/mcpany/jules/internal/service/prompt.go:102.121,104.16 2 0
github.com/mcpany/jules/internal/service/prompt.go:104.16,106.3 1 0
github.com/mcpany/jules/internal/service/prompt.go:107.2,107.30 1 0
github.com/mcpany/jules/internal/service/prompt.go:111.123,113.16 2 0
github.com/mcpany/jules/internal/service/prompt.go:113.16,115.3 1 0
github.com/mcpany/jules/internal/service/prompt.go:116.2,119.18 3 0
github.com/mcpany/jules/internal/service/prompt.go:119.18,121.77 2 0
github.com/mcpany/jules/internal/service/prompt.go:121.77,123.4 1 0
github.com/mcpany/jules/internal/service/prompt.go:124.3,124.32 1 0
github.com/mcpany/jules/internal/service/prompt.go:126.2,126.65 1 0
github.com/mcpany/jules/internal/service/prompt.go:129.115,132.16 3 0
github.com/mcpany/jules/internal/service/prompt.go:132.16,134.3 1 0
github.com/mcpany/jules/internal/service/prompt.go:135.2,135.16 1 0
github.com/mcpany/jules/internal/service/prompt.go:138.121,139.26 1 0
github.com/mcpany/jules/internal/service/prompt.go:139.26,141.3 1 0
github.com/mcpany/jules/internal/service/prompt.go:142.2,142.29 1 0
github.com/mcpany/jules/internal/service/prompt.go:142.29,144.3 1 0
github.com/mcpany/jules/internal/service/prompt.go:145.2,146.16 2 0
github.com/mcpany/jules/internal/service/prompt.go:146.16,148.3 1 0
github.com/mcpany/jules/internal/service/prompt.go:149.2,149.110 1 0
github.com/mcpany/jules/internal/service/prompt.go:152.126,154.16 2 0
github.com/mcpany/jules/internal/service/prompt.go:154.16,156.3 1 0
github.com/mcpany/jules/internal/service/prompt.go:157.2,160.16 3 0
github.com/mcpany/jules/internal/service/prompt.go:160.16,162.3 1 0
github.com/mcpany/jules/internal/service/prompt.go:163.2,165.32 2 0
github.com/mcpany/jules/internal/service/prompt.go:165.32,166.25 1 0
github.com/mcpany/jules/internal/service/prompt.go:166.25,168.4 1 0
github.com/mcpany/jules/internal/service/prompt.go:169.3,169.28 1 0
github.com/mcpany/jules/internal/service/prompt.go:169.28,171.4 1 0
github.com/mcpany/jules/internal/service/prompt.go:172.3,172.76 1 0
github.com/mcpany/jules/internal/service/prompt.go:172.76,174.4 1 0
github.com/mcpany/jules/internal/service/prompt.go:176.2,176.38 1 0
github.com/mcpany/jules/internal/service/prompt.go:179.115,180.47 1 0
github.com/mcpany/jules/internal/service/prompt.go:180.47,182.3 1 0
github.com/mcpany/jules/internal/service/prompt.go:183.2,183.51 1 0
github.com/mcpany/jules/internal/service/prompt.go:183.51,185.3 1 0
github.com/mcpany/jules/internal/service/prompt.go:186.2,187.16 2 0
github.com/mcpany/jules/internal/service/prompt.go:187.16,189.3 1 0
github.com/mcpany/jules/internal/service/prompt.go:190.2,190.30 1 0
github.com/mcpany/jules/internal/service/prompt.go:193.115,195.16 2 0
github.com/mcpany/jules/internal/service/prompt.go:195.16,197.3 1 0
github.com/mcpany/jules/internal/service/prompt.go:198.2,198.30 1 0
github.com/mcpany/jules/internal/service/prompt.go:202.105,205.26 3 0
github.com/mcpany/jules/internal/service/prompt.go:205.26,207.3 1 0
github.com/mcpany/jules/internal/service/prompt.go:207.8,207.23 1 0
github.com/mcpany/jules/internal/service/prompt.go:207.23,209.3 1 0
github.com/mcpany/jules/internal/service/prompt.go:210.2,210.16 1 0
github.com/mcpany/jules/internal/service/prompt.go:213.119,214.29 1 0
github.com/mcpany/jules/internal/service/prompt.go:214.29,216.3 1 0
github.com/mcpany/jules/internal/service/prompt.go:218.2,220.26 3 0
github.com/mcpany/jules/internal/service/prompt.go:220.26,222.3 1 0
github.com/mcpany/jules/internal/service/prompt.go:222.8,222.23 1 0
github.com/mcpany/jules/internal/service/prompt.go:222.23,224.3 1 0
github.com/mcpany/jules/internal/service/prompt.go:225.2,225.16 1 0
github.com/mcpany/jules/internal/service/prompt.go:225.16,227.3 1 0
github.com/mcpany/jules/internal/service/prompt.go:228.2,228.30 1 0
github.com/mcpany/jules/internal/service/prompt.go:232.122,234.16 2 0
github.com/mcpany/jules/internal/service/prompt.go:234.16,236.3 1 0
github.com/mcpany/jules/internal/service/prompt.go:237.2,240.18 3 0
github.com/mcpany/jules/internal/service/prompt.go:240.18,242.82 2 0
github.com/mcpany/jules/internal/service/prompt.go:242.82,244.4 1 0
github.com/mcpany/jules/internal/service/prompt.go:245.3,245.32 1 0
github.com/mcpany/jules/internal/service/prompt.go:247.2,247.62 1 0
github.com/mcpany/jules/internal/service/prompt.go:250.135,252.16 2 0
github.com/mcpany/jules/internal/service/prompt.go:252.16,254.3 1 0
github.com/mcpany/jules/internal/service/prompt.go:255.2,255.17 1 0
github.com/mcpany/jules/internal/service/prompt.go:255.17,257.3 1 0
github.com/mcpany/jules/internal/service/prompt.go:258.2,259.16 2 0
github.com/mcpany/jules/internal/service/prompt.go:259.16,261.3 1 0
github.com/mcpany/jules/internal/service/prompt.go:262.2,265.18 3 0
github.com/mcpany/jules/internal/service/prompt.go:265.18,267.82 2 0
github.com/mcpany/jules/internal/service/prompt.go:267.82,269.4 1 0
github.com/mcpany/jules/internal/service/prompt.go:270.3,270.32 1 0
github.com/mcpany/jules/internal/service/prompt.go:272.2,272.62 1 0
github.com/mcpany/jules/internal/service/prompt.go:275.121,276.29 1 0
github.com/mcpany/jules/internal/service/prompt.go:276.29,278.3 1 0
github.com/mcpany/jules/internal/service/prompt.go:289.2,291.16 3 0
github.com/mcpany/jules/internal/service/prompt.go:291.16,295.3 1 0
github.com/mcpany/jules/internal/service/prompt.go:300.2,303.16 3 0
github.com/mcpany/jules/internal/service/prompt.go:303.16,305.3 1 0
github.com/mcpany/jules/internal/service/prompt.go:307.2,307.30 1 0
github.com/mcpany/jules/internal/service/prompt.go:311.113,314.26 3 0
github.com/mcpany/jules/internal/service/prompt.go:314.26,316.3 1 0
github.com/mcpany/jules/internal/service/prompt.go:316.8,316.23 1 0
github.com/mcpany/jules/internal/service/prompt.go:316.23,318.3 1 0
github.com/mcpany/jules/internal/service/prompt.go:319.2,319.16 1 0
github.com/mcpany/jules/internal/service/prompt.go:322.115,323.29 1 0
github.com/mcpany/jules/internal/service/prompt.go:323.29,325.3 1 0
github.com/mcpany/jules/internal/service/prompt.go:327.2,329.16 3 0
github.com/mcpany/jules/internal/service/prompt.go:329.16,331.3 1 0
github.com/mcpany/jules/internal/service/prompt.go:331.8,333.3 1 0
github.com/mcpany/jules/internal/service/prompt.go:334.2,334.16 1 0
github.com/mcpany/jules/internal/service/prompt.go:334.16,336.3 1 0
github.com/mcpany/jules/internal/service/prompt.go:337.2,337.30 1 0
github.com/mcpany/jules/internal/service/session.go:20.110,22.18 2 0
github.com/mcpany/jules/internal/service/session.go:22.18,24.3 1 0
github.com/mcpany/jules/internal/service/session.go:26.2,32.16 4 0
github.com/mcpany/jules/internal/service/session.go:32.16,34.3 1 0
github.com/mcpany/jules/internal/service/session.go:36.2,38.16 3 0
github.com/mcpany/jules/internal/service/session.go:38.16,40.3 1 0
github.com/mcpany/jules/internal/service/session.go:42.2,46.16 4 0
github.com/mcpany/jules/internal/service/session.go:46.16,48.3 1 0
github.com/mcpany/jules/internal/service/session.go:49.2,51.38 2 0
github.com/mcpany/jules/internal/service/session.go:51.38,54.3 2 0
github.com/mcpany/jules/internal/service/session.go:59.2,59.30 1 0
github.com/mcpany/jules/internal/service/session.go:67.122,70.55 3 0
github.com/mcpany/jules/internal/service/session.go:70.55,73.3 2 0
github.com/mcpany/jules/internal/service/session.go:74.2,77.16 3 0
github.com/mcpany/jules/internal/service/session.go:77.16,79.3 1 0
github.com/mcpany/jules/internal/service/session.go:80.2,83.18 3 0
github.com/mcpany/jules/internal/service/session.go:83.18,87.127 3 0
github.com/mcpany/jules/internal/service/session.go:87.127,89.4 1 0
github.com/mcpany/jules/internal/service/session.go:90.3,90.23 1 0
github.com/mcpany/jules/internal/service/session.go:90.23,92.4 1 0
github.com/mcpany/jules/internal/service/session.go:93.3,93.37 1 0
github.com/mcpany/jules/internal/service/session.go:95.2,95.58 1 0
github.com/mcpany/jules/internal/service/session.go:98.110,100.52 1 1
github.com/mcpany/jules/internal/service/session.go:100.52,105.3 1 0
github.com/mcpany/jules/internal/service/session.go:107.2,108.16 2 1
github.com/mcpany/jules/internal/service/session.go:108.16,110.3 1 0
github.com/mcpany/jules/internal/service/session.go:111.2,112.19 2 1
github.com/mcpany/jules/internal/service/session.go:112.20,115.3 0 0
github.com/mcpany/jules/internal/service/session.go:117.2,117.30 1 1
github.com/mcpany/jules/internal/service/session.go:120.105,126.26 4 1
github.com/mcpany/jules/internal/service/session.go:126.26,128.3 1 0
github.com/mcpany/jules/internal/service/session.go:128.8,128.23 1 1
github.com/mcpany/jules/internal/service/session.go:128.23,130.3 1 0
github.com/mcpany/jules/internal/service/session.go:131.2,131.22 1 1
github.com/mcpany/jules/internal/service/session.go:131.22,133.3 1 1
github.com/mcpany/jules/internal/service/session.go:134.2,134.19 1 1
github.com/mcpany/jules/internal/service/session.go:137.111,139.25 1 1
github.com/mcpany/jules/internal/service/session.go:139.25,141.3 1 0
github.com/mcpany/jules/internal/service/session.go:142.2,142.29 1 1
github.com/mcpany/jules/internal/service/session.go:142.29,144.3 1 0
github.com/mcpany/jules/internal/service/session.go:147.2,148.16 2 1
github.com/mcpany/jules/internal/service/session.go:148.16,150.3 1 0
github.com/mcpany/jules/internal/service/session.go:152.2,159.23 6 1
github.com/mcpany/jules/internal/service/session.go:159.23,165.29 5 0
github.com/mcpany/jules/internal/service/session.go:165.29,167.4 1 0
github.com/mcpany/jules/internal/service/session.go:170.2,170.16 1 1
github.com/mcpany/jules/internal/service/session.go:170.16,172.3 1 1
github.com/mcpany/jules/internal/service/session.go:174.2,174.20 1 1
github.com/mcpany/jules/internal/service/session.go:174.20,176.3 1 1
github.com/mcpany/jules/internal/service/session.go:178.2,178.25 1 1
github.com/mcpany/jules/internal/service/session.go:178.25,180.3 1 1
github.com/mcpany/jules/internal/service/session.go:181.2,188.16 3 1
github.com/mcpany/jules/internal/service/session.go:188.16,190.3 1 0
github.com/mcpany/jules/internal/service/session.go:192.2,198.8 1 1
github.com/mcpany/jules/internal/service/session.go:201.114,203.2 1 0
github.com/mcpany/jules/internal/service/session.go:205.114,207.16 2 0
github.com/mcpany/jules/internal/service/session.go:207.16,209.3 1 0
github.com/mcpany/jules/internal/service/session.go:210.2,210.30 1 0
github.com/mcpany/jules/internal/service/session.go:214.44,216.2 1 1
github.com/mcpany/jules/internal/service/session.go:218.96,220.18 2 1
github.com/mcpany/jules/internal/service/session.go:220.18,222.3 1 1
github.com/mcpany/jules/internal/service/session.go:224.2,232.40 3 0
github.com/mcpany/jules/internal/service/session.go:232.40,239.3 1 0
github.com/mcpany/jules/internal/service/session.go:241.2,242.16 2 0
github.com/mcpany/jules/internal/service/session.go:242.16,244.3 1 0
github.com/mcpany/jules/internal/service/session.go:246.2,248.16 3 0
github.com/mcpany/jules/internal/service/session.go:248.16,250.3 1 0
github.com/mcpany/jules/internal/service/session.go:252.2,256.16 4 0
github.com/mcpany/jules/internal/service/session.go:256.16,258.3 1 0
github.com/mcpany/jules/internal/service/session.go:259.2,261.38 2 0
github.com/mcpany/jules/internal/service/session.go:261.38,264.3 2 0
github.com/mcpany/jules/internal/service/session.go:266.2,273.71 2 0
github.com/mcpany/jules/internal/service/session.go:273.71,275.3 1 0
github.com/mcpany/jules/internal/service/session.go:278.2,279.39 2 0
github.com/mcpany/jules/internal/service/session.go:279.39,281.21 2 0
github.com/mcpany/jules/internal/service/session.go:281.21,283.4 1 0
github.com/mcpany/jules/internal/service/session.go:286.2,292.8 1 0
github.com/mcpany/jules/internal/service/session.go:295.60,297.18 2 1
github.com/mcpany/jules/internal/service/session.go:297.18,299.3 1 1
github.com/mcpany/jules/internal/service/session.go:301.2,304.16 4 0
github.com/mcpany/jules/internal/service/session.go:304.16,306.3 1 0
github.com/mcpany/jules/internal/service/session.go:308.2,312.16 4 0
github.com/mcpany/jules/internal/service/session.go:312.16,314.3 1 0
github.com/mcpany/jules/internal/service/session.go:315.2,317.38 2 0
github.com/mcpany/jules/internal/service/session.go:317.38,320.3 2 0
github.com/mcpany/jules/internal/service/session.go:321.2,321.12 1 0
github.com/mcpany/jules/internal/service/settings.go:16.109,18.21 2 1
github.com/mcpany/jules/internal/service/settings.go:18.21,20.3 1 0
github.com/mcpany/jules/internal/service/settings.go:22.2,39.26 5 1
github.com/mcpany/jules/internal/service/settings.go:39.26,76.3 1 1
github.com/mcpany/jules/internal/service/settings.go:76.8,76.23 1 1
github.com/mcpany/jules/internal/service/settings.go:76.23,78.3 1 0
github.com/mcpany/jules/internal/service/settings.go:80.2,80.23 1 1
github.com/mcpany/jules/internal/service/settings.go:83.129,85.24 2 1
github.com/mcpany/jules/internal/service/settings.go:85.24,87.3 1 0
github.com/mcpany/jules/internal/service/settings.go:89.2,90.21 2 1
github.com/mcpany/jules/internal/service/settings.go:90.21,93.3 2 0
github.com/mcpany/jules/internal/service/settings.go:95.2,98.26 3 1
github.com/mcpany/jules/internal/service/settings.go:98.26,125.3 1 1
github.com/mcpany/jules/internal/service/settings.go:125.8,125.23 1 0
github.com/mcpany/jules/internal/service/settings.go:125.23,153.3 1 0
github.com/mcpany/jules/internal/service/settings.go:155.2,155.16 1 1
github.com/mcpany/jules/internal/service/settings.go:155.16,157.3 1 0
github.com/mcpany/jules/internal/service/settings.go:159.2,159.55 1 1
github.com/mcpany/jules/internal/worker/auto_approval.go:22.146,33.2 1 1
github.com/mcpany/jules/internal/worker/auto_approval.go:35.63,39.40 2 0
github.com/mcpany/jules/internal/worker/auto_approval.go:39.40,41.3 1 0
github.com/mcpany/jules/internal/worker/auto_approval.go:43.2,43.6 1 0
github.com/mcpany/jules/internal/worker/auto_approval.go:43.6,47.10 2 0
github.com/mcpany/jules/internal/worker/auto_approval.go:48.21,49.14 1 0
github.com/mcpany/jules/internal/worker/auto_approval.go:50.31,52.42 2 0
github.com/mcpany/jules/internal/worker/auto_approval.go:52.42,55.5 2 0
github.com/mcpany/jules/internal/worker/auto_approval.go:56.4,58.123 3 0
github.com/mcpany/jules/internal/worker/auto_approval.go:63.77,69.16 3 1
github.com/mcpany/jules/internal/worker/auto_approval.go:69.16,70.33 1 1
github.com/mcpany/jules/internal/worker/auto_approval.go:70.33,72.4 1 1
github.com/mcpany/jules/internal/worker/auto_approval.go:75.2,75.31 1 1
github.com/mcpany/jules/internal/worker/auto_approval.go:75.31,77.3 1 0
github.com/mcpany/jules/internal/worker/auto_approval.go:78.2,78.17 1 1
github.com/mcpany/jules/internal/worker/auto_approval.go:81.66,83.16 2 1
github.com/mcpany/jules/internal/worker/auto_approval.go:83.16,85.3 1 0
github.com/mcpany/jules/internal/worker/auto_approval.go:87.2,87.33 1 1
github.com/mcpany/jules/internal/worker/auto_approval.go:87.33,90.3 1 1
github.com/mcpany/jules/internal/worker/auto_approval.go:97.2,98.16 2 1
github.com/mcpany/jules/internal/worker/auto_approval.go:98.16,100.3 1 0
github.com/mcpany/jules/internal/worker/auto_approval.go:101.2,109.18 4 1
github.com/mcpany/jules/internal/worker/auto_approval.go:109.18,112.53 3 1
github.com/mcpany/jules/internal/worker/auto_approval.go:112.53,113.12 1 0
github.com/mcpany/jules/internal/worker/auto_approval.go:115.3,115.53 1 1
github.com/mcpany/jules/internal/worker/auto_approval.go:117.2,121.31 3 1
github.com/mcpany/jules/internal/worker/auto_approval.go:121.31,123.38 1 1
github.com/mcpany/jules/internal/worker/auto_approval.go:123.38,126.32 3 0
github.com/mcpany/jules/internal/worker/auto_approval.go:126.32,127.13 1 0
github.com/mcpany/jules/internal/worker/auto_approval.go:130.3,130.40 1 1
github.com/mcpany/jules/internal/worker/auto_approval.go:133.2,133.25 1 1
github.com/mcpany/jules/internal/worker/auto_approval.go:133.25,135.33 2 1
github.com/mcpany/jules/internal/worker/auto_approval.go:135.33,138.18 3 1
github.com/mcpany/jules/internal/worker/auto_approval.go:138.18,140.5 1 0
github.com/mcpany/jules/internal/worker/auto_approval.go:144.2,144.12 1 1
github.com/mcpany/jules/internal/worker/auto_continue.go:25.185,38.2 1 1
github.com/mcpany/jules/internal/worker/auto_continue.go:40.63,43.6 2 0
github.com/mcpany/jules/internal/worker/auto_continue.go:43.6,45.10 2 0
github.com/mcpany/jules/internal/worker/auto_continue.go:46.21,47.14 1 0
github.com/mcpany/jules/internal/worker/auto_continue.go:48.31,50.42 2 0
github.com/mcpany/jules/internal/worker/auto_continue.go:50.42,53.5 2 0
github.com/mcpany/jules/internal/worker/auto_continue.go:54.4,56.123 3 0
github.com/mcpany/jules/internal/worker/auto_continue.go:61.77,63.16 2 0
github.com/mcpany/jules/internal/worker/auto_continue.go:63.16,64.38 1 0
github.com/mcpany/jules/internal/worker/auto_continue.go:64.38,66.4 1 0
github.com/mcpany/jules/internal/worker/auto_continue.go:68.2,68.25 1 0
github.com/mcpany/jules/internal/worker/auto_continue.go:71.66,73.16 2 1
github.com/mcpany/jules/internal/worker/auto_continue.go:73.16,75.3 1 0
github.com/mcpany/jules/internal/worker/auto_continue.go:77.2,77.33 1 1
github.com/mcpany/jules/internal/worker/auto_continue.go:77.33,79.3 1 0
github.com/mcpany/jules/internal/worker/auto_continue.go:81.2,82.38 2 1
github.com/mcpany/jules/internal/worker/auto_continue.go:82.38,84.3 1 0
github.com/mcpany/jules/internal/worker/auto_continue.go:87.2,90.36 3 1
github.com/mcpany/jules/internal/worker/auto_continue.go:90.36,93.17 2 0
github.com/mcpany/jules/internal/worker/auto_continue.go:93.17,95.4 1 0
github.com/mcpany/jules/internal/worker/auto_continue.go:96.3,97.19 2 0
github.com/mcpany/jules/internal/worker/auto_continue.go:97.19,99.41 2 0
github.com/mcpany/jules/internal/worker/auto_continue.go:99.41,101.5 1 0
github.com/mcpany/jules/internal/worker/auto_continue.go:103.3,103.15 1 0
github.com/mcpany/jules/internal/worker/auto_continue.go:104.8,107.17 2 1
github.com/mcpany/jules/internal/worker/auto_continue.go:107.17,109.4 1 0
github.com/mcpany/jules/internal/worker/auto_continue.go:110.3,111.19 2 1
github.com/mcpany/jules/internal/worker/auto_continue.go:111.19,113.46 2 0
github.com/mcpany/jules/internal/worker/auto_continue.go:113.46,115.65 2 0
github.com/mcpany/jules/internal/worker/auto_continue.go:115.65,117.6 1 0
github.com/mcpany/jules/internal/worker/auto_continue.go:120.3,120.15 1 1
github.com/mcpany/jules/internal/worker/auto_continue.go:123.2,123.29 1 1
github.com/mcpany/jules/internal/worker/auto_continue.go:123.29,125.3 1 1
github.com/mcpany/jules/internal/worker/auto_continue.go:127.2,127.39 1 0
github.com/mcpany/jules/internal/worker/auto_continue.go:127.39,131.41 3 0
github.com/mcpany/jules/internal/worker/auto_continue.go:131.41,132.12 1 0
github.com/mcpany/jules/internal/worker/auto_continue.go:136.3,136.23 1 0
github.com/mcpany/jules/internal/worker/auto_continue.go:136.23,138.12 2 0
github.com/mcpany/jules/internal/worker/auto_continue.go:141.3,142.17 2 0
github.com/mcpany/jules/internal/worker/auto_continue.go:142.17,144.12 2 0
github.com/mcpany/jules/internal/worker/auto_continue.go:148.3,149.45 2 0
github.com/mcpany/jules/internal/worker/auto_continue.go:149.45,150.65 1 0
github.com/mcpany/jules/internal/worker/auto_continue.go:150.65,152.10 2 0
github.com/mcpany/jules/internal/worker/auto_continue.go:156.3,156.12 1 0
github.com/mcpany/jules/internal/worker/auto_continue.go:156.12,157.12 1 0
github.com/mcpany/jules/internal/worker/auto_continue.go:161.3,161.35 1 0
github.com/mcpany/jules/internal/worker/auto_continue.go:161.35,164.38 2 0
github.com/mcpany/jules/internal/worker/auto_continue.go:164.38,165.13 1 0
github.com/mcpany/jules/internal/worker/auto_continue.go:170.3,175.17 3 0
github.com/mcpany/jules/internal/worker/auto_continue.go:175.17,177.4 1 0
github.com/mcpany/jules/internal/worker/auto_continue.go:180.2,180.12 1 0
github.com/mcpany/jules/internal/worker/auto_retry.go:26.140,37.2 1 1
github.com/mcpany/jules/internal/worker/auto_retry.go:39.60,42.6 2 0
github.com/mcpany/jules/internal/worker/auto_retry.go:42.6,44.10 2 0
github.com/mcpany/jules/internal/worker/auto_retry.go:45.21,46.14 1 0
github.com/mcpany/jules/internal/worker/auto_retry.go:47.31,49.42 2 0
github.com/mcpany/jules/internal/worker/auto_retry.go:49.42,52.5 2 0
github.com/mcpany/jules/internal/worker/auto_retry.go:53.4,55.123 3 0
github.com/mcpany/jules/internal/worker/auto_retry.go:60.74,62.16 2 1
github.com/mcpany/jules/internal/worker/auto_retry.go:62.16,63.33 1 1
github.com/mcpany/jules/internal/worker/auto_retry.go:63.33,65.4 1 1
github.com/mcpany/jules/internal/worker/auto_retry.go:67.2,67.25 1 0
github.com/mcpany/jules/internal/worker/auto_retry.go:70.63,72.16 2 0
github.com/mcpany/jules/internal/worker/auto_retry.go:72.16,74.3 1 0
github.com/mcpany/jules/internal/worker/auto_retry.go:76.2,76.25 1 0
github.com/mcpany/jules/internal/worker/auto_retry.go:76.25,78.3 1 0
github.com/mcpany/jules/internal/worker/auto_retry.go:86.2,88.16 3 0
github.com/mcpany/jules/internal/worker/auto_retry.go:88.16,90.3 1 0
github.com/mcpany/jules/internal/worker/auto_retry.go:91.2,94.18 3 0
github.com/mcpany/jules/internal/worker/auto_retry.go:94.18,96.45 2 0
github.com/mcpany/jules/internal/worker/auto_retry.go:96.45,98.64 2 0
github.com/mcpany/jules/internal/worker/auto_retry.go:98.64,100.5 1 0
github.com/mcpany/jules/internal/worker/auto_retry.go:103.2,105.29 2 0
github.com/mcpany/jules/internal/worker/auto_retry.go:105.29,107.3 1 0
github.com/mcpany/jules/internal/worker/auto_retry.go:109.2,111.17 3 0
github.com/mcpany/jules/internal/worker/auto_retry.go:111.17,113.3 1 0
github.com/mcpany/jules/internal/worker/auto_retry.go:115.2,115.39 1 0
github.com/mcpany/jules/internal/worker/auto_retry.go:115.39,120.17 3 0
github.com/mcpany/jules/internal/worker/auto_retry.go:120.17,121.12 1 0
github.com/mcpany/jules/internal/worker/auto_retry.go:124.3,124.24 1 0
github.com/mcpany/jules/internal/worker/auto_retry.go:124.25,130.4 0 0
github.com/mcpany/jules/internal/worker/auto_retry.go:130.9,130.47 1 0
github.com/mcpany/jules/internal/worker/auto_retry.go:130.48,143.4 0 0
github.com/mcpany/jules/internal/worker/auto_retry.go:146.2,146.12 1 0
github.com/mcpany/jules/internal/worker/background_job.go:24.175,36.2 1 1
github.com/mcpany/jules/internal/worker/background_job.go:38.64,41.6 2 0
github.com/mcpany/jules/internal/worker/background_job.go:41.6,43.10 2 0
github.com/mcpany/jules/internal/worker/background_job.go:44.21,45.14 1 0
github.com/mcpany/jules/internal/worker/background_job.go:46.31,48.45 2 0
github.com/mcpany/jules/internal/worker/background_job.go:48.45,51.5 2 0
github.com/mcpany/jules/internal/worker/background_job.go:52.4,53.123 2 0
github.com/mcpany/jules/internal/worker/background_job.go:58.78,60.42 2 0
github.com/mcpany/jules/internal/worker/background_job.go:60.42,62.3 1 0
github.com/mcpany/jules/internal/worker/background_job.go:63.2,63.19 1 0
github.com/mcpany/jules/internal/worker/background_job.go:66.82,68.56 2 1
github.com/mcpany/jules/internal/worker/background_job.go:68.56,70.3 1 1
github.com/mcpany/jules/internal/worker/background_job.go:71.2,71.10 1 0
github.com/mcpany/jules/internal/worker/background_job.go:74.70,78.16 3 1
github.com/mcpany/jules/internal/worker/background_job.go:78.16,80.3 1 0
github.com/mcpany/jules/internal/worker/background_job.go:81.2,89.18 4 1
github.com/mcpany/jules/internal/worker/background_job.go:89.18,91.59 2 1
github.com/mcpany/jules/internal/worker/background_job.go:91.59,92.12 1 0
github.com/mcpany/jules/internal/worker/background_job.go:94.3,94.25 1 1
github.com/mcpany/jules/internal/worker/background_job.go:96.2,98.20 2 1
github.com/mcpany/jules/internal/worker/background_job.go:98.20,100.3 1 0
github.com/mcpany/jules/internal/worker/background_job.go:102.2,104.27 2 1
github.com/mcpany/jules/internal/worker/background_job.go:104.27,106.3 1 1
github.com/mcpany/jules/internal/worker/background_job.go:108.2,108.12 1 1
github.com/mcpany/jules/internal/worker/background_job.go:111.95,116.16 3 1
github.com/mcpany/jules/internal/worker/background_job.go:116.16,119.3 2 0
github.com/mcpany/jules/internal/worker/background_job.go:122.2,123.16 2 1
github.com/mcpany/jules/internal/worker/background_job.go:123.16,126.3 2 0
github.com/mcpany/jules/internal/worker/background_job.go:129.2,132.36 3 1
github.com/mcpany/jules/internal/worker/background_job.go:132.36,141.17 2 1
github.com/mcpany/jules/internal/worker/background_job.go:141.17,145.9 4 0
github.com/mcpany/jules/internal/worker/background_job.go:147.3,147.43 1 1
github.com/mcpany/jules/internal/worker/background_job.go:151.2,152.14 2 1
github.com/mcpany/jules/internal/worker/background_job.go:152.14,154.3 1 0
github.com/mcpany/jules/internal/worker/background_job.go:156.2,159.16 3 1
github.com/mcpany/jules/internal/worker/background_job.go:159.16,161.3 1 0
github.com/mcpany/jules/internal/worker/background_job.go:161.8,163.3 1 1
github.com/mcpany/jules/internal/worker/client.go:20.72,28.81 6 1
github.com/mcpany/jules/internal/worker/client.go:28.81,29.16 1 0
github.com/mcpany/jules/internal/worker/client.go:29.16,31.4 1 0
github.com/mcpany/jules/internal/worker/client.go:34.2,36.3 1 1
github.com/mcpany/jules/internal/worker/client.go:61.116,64.16 3 0
github.com/mcpany/jules/internal/worker/client.go:64.16,66.3 1 0
github.com/mcpany/jules/internal/worker/client.go:67.2,67.18 1 0
github.com/mcpany/jules/internal/worker/client.go:67.18,69.3 1 0
github.com/mcpany/jules/internal/worker/client.go:71.2,72.16 2 0
github.com/mcpany/jules/internal/worker/client.go:72.16,74.3 1 0
github.com/mcpany/jules/internal/worker/client.go:75.2,77.38 2 0
github.com/mcpany/jules/internal/worker/client.go:77.38,79.3 1 0
github.com/mcpany/jules/internal/worker/client.go:81.2,82.65 2 0
github.com/mcpany/jules/internal/worker/client.go:82.65,84.3 1 0
github.com/mcpany/jules/internal/worker/client.go:85.2,85.19 1 0
github.com/mcpany/jules/internal/worker/client.go:113.107,116.16 3 0
github.com/mcpany/jules/internal/worker/client.go:116.16,118.3 1 0
github.com/mcpany/jules/internal/worker/client.go:120.2,120.18 1 0
github.com/mcpany/jules/internal/worker/client.go:120.18,122.3 1 0
github.com/mcpany/jules/internal/worker/client.go:124.2,125.16 2 0
github.com/mcpany/jules/internal/worker/client.go:125.16,127.3 1 0
github.com/mcpany/jules/internal/worker/client.go:128.2,130.38 2 0
github.com/mcpany/jules/internal/worker/client.go:130.38,132.3 1 0
github.com/mcpany/jules/internal/worker/client.go:134.2,135.69 2 0
github.com/mcpany/jules/internal/worker/client.go:135.69,137.3 1 0
github.com/mcpany/jules/internal/worker/client.go:142.2,142.30 1 0
github.com/mcpany/jules/internal/worker/cron.go:24.120,36.2 1 1
github.com/mcpany/jules/internal/worker/cron.go:38.55,41.6 2 0
github.com/mcpany/jules/internal/worker/cron.go:41.6,43.10 2 0
github.com/mcpany/jules/internal/worker/cron.go:44.21,45.14 1 0
github.com/mcpany/jules/internal/worker/cron.go:46.31,48.42 2 0
github.com/mcpany/jules/internal/worker/cron.go:48.42,51.5 2 0
github.com/mcpany/jules/internal/worker/cron.go:52.4,53.123 2 0
github.com/mcpany/jules/internal/worker/cron.go:58.58,68.16 2 1
github.com/mcpany/jules/internal/worker/cron.go:68.16,70.3 1 0
github.com/mcpany/jules/internal/worker/cron.go:71.2,76.18 4 1
github.com/mcpany/jules/internal/worker/cron.go:76.18,90.17 6 1
github.com/mcpany/jules/internal/worker/cron.go:90.17,92.12 2 0
github.com/mcpany/jules/internal/worker/cron.go:96.3,97.17 2 1
github.com/mcpany/jules/internal/worker/cron.go:97.17,99.12 2 0
github.com/mcpany/jules/internal/worker/cron.go:103.3,104.48 2 1
github.com/mcpany/jules/internal/worker/cron.go:104.48,106.4 1 1
github.com/mcpany/jules/internal/worker/cron.go:106.9,108.4 1 0
github.com/mcpany/jules/internal/worker/cron.go:111.3,115.26 3 1
github.com/mcpany/jules/internal/worker/cron.go:115.26,118.4 2 1
github.com/mcpany/jules/internal/worker/cron.go:120.2,122.34 2 1
github.com/mcpany/jules/internal/worker/cron.go:122.34,142.17 4 1
github.com/mcpany/jules/internal/worker/cron.go:142.17,144.12 2 0
github.com/mcpany/jules/internal/worker/cron.go:148.3,149.17 2 1
github.com/mcpany/jules/internal/worker/cron.go:149.17,151.4 1 0
github.com/mcpany/jules/internal/worker/cron.go:153.3,153.87 1 1
github.com/mcpany/jules/internal/worker/cron.go:156.2,156.12 1 1
github.com/mcpany/jules/internal/worker/manager.go:25.28,31.2 2 0
github.com/mcpany/jules/internal/worker/manager.go:33.38,35.2 1 0
github.com/mcpany/jules/internal/worker/manager.go:37.27,39.15 2 0
github.com/mcpany/jules/internal/worker/manager.go:39.15,43.3 3 0
github.com/mcpany/jules/internal/worker/manager.go:44.2,47.30 3 0
github.com/mcpany/jules/internal/worker/manager.go:47.30,49.21 2 0
github.com/mcpany/jules/internal/worker/manager.go:49.21,52.41 3 0
github.com/mcpany/jules/internal/worker/manager.go:52.41,54.5 1 0
github.com/mcpany/jules/internal/worker/manager.go:55.4,55.47 1 0
github.com/mcpany/jules/internal/worker/manager.go:60.26,63.2 2 0
github.com/mcpany/jules/internal/worker/manager.go:71.36,73.2 1 1
github.com/mcpany/jules/internal/worker/pool.go:17.36,18.26 1 1
github.com/mcpany/jules/internal/worker/pool.go:18.26,20.3 1 1
github.com/mcpany/jules/internal/worker/pool.go:21.2,21.22 1 1
github.com/mcpany/jules/internal/worker/pool.go:25.70,27.2 1 1
github.com/mcpany/jules/internal/worker/pr_monitor.go:48.196,63.2 1 1
github.com/mcpany/jules/internal/worker/pr_monitor.go:65.60,70.40 3 0
github.com/mcpany/jules/internal/worker/pr_monitor.go:70.40,72.3 1 0
github.com/mcpany/jules/internal/worker/pr_monitor.go:74.2,74.6 1 0
github.com/mcpany/jules/internal/worker/pr_monitor.go:74.6,76.10 2 0
github.com/mcpany/jules/internal/worker/pr_monitor.go:77.21,78.14 1 0
github.com/mcpany/jules/internal/worker/pr_monitor.go:79.31,81.42 2 0
github.com/mcpany/jules/internal/worker/pr_monitor.go:81.42,84.5 2 0
github.com/mcpany/jules/internal/worker/pr_monitor.go:85.4,87.123 3 0
github.com/mcpany/jules/internal/worker/pr_monitor.go:92.74,94.16 2 0
github.com/mcpany/jules/internal/worker/pr_monitor.go:94.16,95.38 1 0
github.com/mcpany/jules/internal/worker/pr_monitor.go:95.38,97.4 1 0
github.com/mcpany/jules/internal/worker/pr_monitor.go:99.2,99.26 1 0
github.com/mcpany/jules/internal/worker/pr_monitor.go:102.63,104.16 2 1
github.com/mcpany/jules/internal/worker/pr_monitor.go:104.16,106.3 1 0
github.com/mcpany/jules/internal/worker/pr_monitor.go:108.2,108.40 1 1
github.com/mcpany/jules/internal/worker/pr_monitor.go:108.40,110.3 1 0
github.com/mcpany/jules/internal/worker/pr_monitor.go:113.2,114.16 2 1
github.com/mcpany/jules/internal/worker/pr_monitor.go:114.16,116.3 1 0
github.com/mcpany/jules/internal/worker/pr_monitor.go:117.2,120.18 3 1
github.com/mcpany/jules/internal/worker/pr_monitor.go:120.18,122.39 2 1
github.com/mcpany/jules/internal/worker/pr_monitor.go:122.39,123.12 1 0
github.com/mcpany/jules/internal/worker/pr_monitor.go:125.9,125.26 1 1
github.com/mcpany/jules/internal/worker/pr_monitor.go:127.2,130.43 2 1
github.com/mcpany/jules/internal/worker/pr_monitor.go:130.43,133.23 3 1
github.com/mcpany/jules/internal/worker/pr_monitor.go:133.23,135.10 1 0
github.com/mcpany/jules/internal/worker/pr_monitor.go:135.15,136.41 1 1
github.com/mcpany/jules/internal/worker/pr_monitor.go:136.41,137.76 1 0
github.com/mcpany/jules/internal/worker/pr_monitor.go:137.76,140.18 2 0
github.com/mcpany/jules/internal/worker/pr_monitor.go:145.5,146.28 2 1
github.com/mcpany/jules/internal/worker/pr_monitor.go:146.28,148.6 1 1
github.com/mcpany/jules/internal/worker/pr_monitor.go:150.2,150.21 1 1
github.com/mcpany/jules/internal/worker/pr_monitor.go:150.21,153.3 2 0
github.com/mcpany/jules/internal/worker/pr_monitor.go:155.2,158.26 3 1
github.com/mcpany/jules/internal/worker/pr_monitor.go:158.26,161.24 3 1
github.com/mcpany/jules/internal/worker/pr_monitor.go:161.24,164.4 2 1
github.com/mcpany/jules/internal/worker/pr_monitor.go:167.2,168.12 2 1
github.com/mcpany/jules/internal/worker/pr_monitor.go:171.95,173.21 2 1
github.com/mcpany/jules/internal/worker/pr_monitor.go:173.21,176.3 2 0
github.com/mcpany/jules/internal/worker/pr_monitor.go:177.2,188.9 4 1
github.com/mcpany/jules/internal/worker/pr_monitor.go:188.9,190.23 2 1
github.com/mcpany/jules/internal/worker/pr_monitor.go:190.23,193.10 2 0
github.com/mcpany/jules/internal/worker/pr_monitor.go:194.9,196.31 3 1
github.com/mcpany/jules/internal/worker/pr_monitor.go:196.31,197.18 1 1
github.com/mcpany/jules/internal/worker/pr_monitor.go:199.9,199.34 1 0
github.com/mcpany/jules/internal/worker/pr_monitor.go:202.2,204.25 2 1
github.com/mcpany/jules/internal/worker/pr_monitor.go:204.25,205.99 1 1
github.com/mcpany/jules/internal/worker/pr_monitor.go:205.99,206.12 1 0
github.com/mcpany/jules/internal/worker/pr_monitor.go:210.3,210.54 1 1
github.com/mcpany/jules/internal/worker/pr_monitor.go:210.54,212.91 2 1
github.com/mcpany/jules/internal/worker/pr_monitor.go:212.91,214.5 1 0
github.com/mcpany/jules/internal/worker/pr_monitor.go:215.4,215.12 1 1
github.com/mcpany/jules/internal/worker/pr_monitor.go:221.3,221.41 1 1
github.com/mcpany/jules/internal/worker/pr_monitor.go:221.41,225.49 3 1
github.com/mcpany/jules/internal/worker/pr_monitor.go:225.49,227.5 1 1
github.com/mcpany/jules/internal/worker/pr_monitor.go:229.4,239.45 7 1
github.com/mcpany/jules/internal/worker/pr_monitor.go:239.45,240.70 1 1
github.com/mcpany/jules/internal/worker/pr_monitor.go:240.70,244.6 3 1
github.com/mcpany/jules/internal/worker/pr_monitor.go:252.4,252.80 1 1
github.com/mcpany/jules/internal/worker/pr_monitor.go:252.80,254.45 1 1
github.com/mcpany/jules/internal/worker/pr_monitor.go:254.45,256.90 2 1
github.com/mcpany/jules/internal/worker/pr_monitor.go:256.90,260.7 3 1
github.com/mcpany/jules/internal/worker/pr_monitor.go:264.4,264.15 1 1
github.com/mcpany/jules/internal/worker/pr_monitor.go:264.15,268.91 3 1
github.com/mcpany/jules/internal/worker/pr_monitor.go:268.91,270.6 1 0
github.com/mcpany/jules/internal/worker/pr_monitor.go:272.5,272.92 1 1
github.com/mcpany/jules/internal/worker/pr_monitor.go:272.92,274.6 1 0
github.com/mcpany/jules/internal/worker/pr_monitor.go:275.5,275.13 1 1
github.com/mcpany/jules/internal/worker/pr_monitor.go:280.3,281.17 2 1
github.com/mcpany/jules/internal/worker/pr_monitor.go:281.17,283.4 1 0
github.com/mcpany/jules/internal/worker/pr_monitor.go:284.3,284.14 1 1
github.com/mcpany/jules/internal/worker/pr_monitor.go:284.14,285.12 1 1
github.com/mcpany/jules/internal/worker/pr_monitor.go:288.3,294.30 3 1
github.com/mcpany/jules/internal/worker/pr_monitor.go:294.30,296.4 1 1
github.com/mcpany/jules/internal/worker/pr_monitor.go:299.3,299.77 1 1
github.com/mcpany/jules/internal/worker/pr_monitor.go:303.125,304.43 1 1
github.com/mcpany/jules/internal/worker/pr_monitor.go:304.43,306.3 1 1
github.com/mcpany/jules/internal/worker/pr_monitor.go:307.2,307.63 1 1
github.com/mcpany/jules/internal/worker/pr_monitor.go:307.63,309.3 1 0
github.com/mcpany/jules/internal/worker/pr_monitor.go:312.2,312.42 1 1
github.com/mcpany/jules/internal/worker/pr_monitor.go:312.42,314.3 1 0
github.com/mcpany/jules/internal/worker/pr_monitor.go:315.2,316.16 2 1
github.com/mcpany/jules/internal/worker/pr_monitor.go:316.16,319.3 2 1
github.com/mcpany/jules/internal/worker/pr_monitor.go:320.2,320.55 1 1
github.com/mcpany/jules/internal/worker/pr_monitor.go:320.55,322.3 1 1
github.com/mcpany/jules/internal/worker/pr_monitor.go:325.2,325.36 1 1
github.com/mcpany/jules/internal/worker/pr_monitor.go:325.36,327.3 1 1
github.com/mcpany/jules/internal/worker/pr_monitor.go:329.2,334.21 4 1
github.com/mcpany/jules/internal/worker/pr_monitor.go:334.21,336.3 1 1
github.com/mcpany/jules/internal/worker/pr_monitor.go:337.2,337.20 1 1
github.com/mcpany/jules/internal/worker/pr_monitor.go:337.20,339.3 1 1
github.com/mcpany/jules/internal/worker/pr_monitor.go:350.2,352.29 3 1
github.com/mcpany/jules/internal/worker/pr_monitor.go:352.29,354.61 2 1
github.com/mcpany/jules/internal/worker/pr_monitor.go:354.61,355.12 1 1
github.com/mcpany/jules/internal/worker/pr_monitor.go:357.3,357.52 1 1
github.com/mcpany/jules/internal/worker/pr_monitor.go:357.52,358.12 1 1
github.com/mcpany/jules/internal/worker/pr_monitor.go:360.3,360.40 1 1
github.com/mcpany/jules/internal/worker/pr_monitor.go:362.2,367.18 5 1
github.com/mcpany/jules/internal/worker/pr_monitor.go:367.18,369.3 1 0
github.com/mcpany/jules/internal/worker/pr_monitor.go:371.2,371.109 1 1
github.com/mcpany/jules/internal/worker/pr_monitor.go:371.109,373.3 1 0
github.com/mcpany/jules/internal/worker/pr_monitor.go:373.8,375.3 1 1
github.com/mcpany/jules/internal/worker/pr_monitor.go:378.126,380.16 2 1
github.com/mcpany/jules/internal/worker/pr_monitor.go:380.16,382.3 1 0
github.com/mcpany/jules/internal/worker/pr_monitor.go:384.2,384.29 1 1
github.com/mcpany/jules/internal/worker/pr_monitor.go:384.29,385.78 1 1
github.com/mcpany/jules/internal/worker/pr_monitor.go:385.78,391.39 2 1
github.com/mcpany/jules/internal/worker/pr_monitor.go:391.39,398.19 4 1
github.com/mcpany/jules/internal/worker/pr_monitor.go:398.19,400.6 1 0
github.com/mcpany/jules/internal/worker/pr_monitor.go:402.5,403.26 2 1
github.com/mcpany/jules/internal/worker/pr_monitor.go:403.26,405.123 2 0
github.com/mcpany/jules/internal/worker/pr_monitor.go:405.123,407.7 1 0
github.com/mcpany/jules/internal/worker/pr_monitor.go:410.5,410.26 1 1
github.com/mcpany/jules/internal/worker/pr_monitor.go:410.26,411.88 1 1
github.com/mcpany/jules/internal/worker/pr_monitor.go:411.88,413.7 1 0
github.com/mcpany/jules/internal/worker/pr_monitor.go:415.5,415.21 1 1
github.com/mcpany/jules/internal/worker/pr_monitor.go:419.2,419.19 1 1
github.com/mcpany/jules/internal/worker/pr_monitor.go:422.133,423.42 1 1
github.com/mcpany/jules/internal/worker/pr_monitor.go:423.42,425.3 1 1
github.com/mcpany/jules/internal/worker/pr_monitor.go:427.2,428.16 2 1
github.com/mcpany/jules/internal/worker/pr_monitor.go:428.16,431.3 2 1
github.com/mcpany/jules/internal/worker/pr_monitor.go:433.2,433.96 1 1
github.com/mcpany/jules/internal/worker/pr_monitor.go:433.96,434.75 1 1
github.com/mcpany/jules/internal/worker/pr_monitor.go:434.75,436.100 2 1
github.com/mcpany/jules/internal/worker/pr_monitor.go:436.100,438.5 1 0
github.com/mcpany/jules/internal/worker/pr_monitor.go:443.152,444.36 1 1
github.com/mcpany/jules/internal/worker/pr_monitor.go:444.36,447.3 2 1
github.com/mcpany/jules/internal/worker/pr_monitor.go:449.2,450.16 2 1
github.com/mcpany/jules/internal/worker/pr_monitor.go:450.16,453.3 2 1
github.com/mcpany/jules/internal/worker/pr_monitor.go:454.2,454.27 1 1
github.com/mcpany/jules/internal/worker/pr_monitor.go:454.27,457.3 2 0
github.com/mcpany/jules/internal/worker/pr_monitor.go:459.2,459.33 1 1
github.com/mcpany/jules/internal/worker/pr_monitor.go:459.33,462.3 2 0
github.com/mcpany/jules/internal/worker/pr_monitor.go:465.2,467.78 2 1
github.com/mcpany/jules/internal/worker/pr_monitor.go:467.78,471.7 3 1
github.com/mcpany/jules/internal/worker/pr_monitor.go:471.7,473.18 2 1
github.com/mcpany/jules/internal/worker/pr_monitor.go:473.18,476.5 2 0
github.com/mcpany/jules/internal/worker/pr_monitor.go:477.4,477.19 1 1
github.com/mcpany/jules/internal/worker/pr_monitor.go:477.19,479.5 1 1
github.com/mcpany/jules/internal/worker/pr_monitor.go:480.4,480.26 1 1
github.com/mcpany/jules/internal/worker/pr_monitor.go:480.26,481.10 1 1
github.com/mcpany/jules/internal/worker/pr_monitor.go:483.4,483.29 1 0
github.com/mcpany/jules/internal/worker/pr_monitor.go:489.3,490.36 2 1
github.com/mcpany/jules/internal/worker/pr_monitor.go:490.36,491.131 1 1
github.com/mcpany/jules/internal/worker/pr_monitor.go:491.131,493.10 2 1
github.com/mcpany/jules/internal/worker/pr_monitor.go:497.3,497.18 1 1
github.com/mcpany/jules/internal/worker/pr_monitor.go:497.18,499.37 1 1
github.com/mcpany/jules/internal/worker/pr_monitor.go:499.37,500.87 1 0
github.com/mcpany/jules/internal/worker/pr_monitor.go:500.87,503.6 2 0
github.com/mcpany/jules/internal/worker/pr_monitor.go:505.9,507.4 1 1
github.com/mcpany/jules/internal/worker/pr_monitor.go:510.3,510.56 1 1
github.com/mcpany/jules/internal/worker/pr_monitor.go:510.56,512.4 1 0
github.com/mcpany/jules/internal/worker/pr_monitor.go:515.3,515.12 1 1
github.com/mcpany/jules/internal/worker/pr_monitor.go:515.12,517.18 2 1
github.com/mcpany/jules/internal/worker/pr_monitor.go:517.18,519.5 1 0
github.com/mcpany/jules/internal/worker/pr_monitor.go:519.10,520.75 1 1
github.com/mcpany/jules/internal/worker/pr_monitor.go:520.75,522.82 2 1
github.com/mcpany/jules/internal/worker/pr_monitor.go:522.82,524.7 1 0
github.com/mcpany/jules/internal/worker/pr_monitor.go:524.12,527.7 2 1
github.com/mcpany/jules/internal/worker/pr_monitor.go:533.3,534.17 2 1
github.com/mcpany/jules/internal/worker/pr_monitor.go:534.17,537.4 2 0
github.com/mcpany/jules/internal/worker/pr_monitor.go:540.3,541.36 2 1
github.com/mcpany/jules/internal/worker/pr_monitor.go:541.36,542.131 1 1
github.com/mcpany/jules/internal/worker/pr_monitor.go:542.131,544.5 1 1
github.com/mcpany/jules/internal/worker/pr_monitor.go:546.3,546.50 1 1
github.com/mcpany/jules/internal/worker/pr_monitor.go:546.50,547.57 1 1
github.com/mcpany/jules/internal/worker/pr_monitor.go:547.57,549.5 1 1
github.com/mcpany/jules/internal/worker/pr_monitor.go:553.3,555.42 3 1
github.com/mcpany/jules/internal/worker/pr_monitor.go:555.42,556.26 1 1
github.com/mcpany/jules/internal/worker/pr_monitor.go:556.26,559.5 2 1
github.com/mcpany/jules/internal/worker/pr_monitor.go:562.3,562.30 1 1
github.com/mcpany/jules/internal/worker/pr_monitor.go:562.30,565.4 2 0
github.com/mcpany/jules/internal/worker/pr_monitor.go:568.3,569.38 2 1
github.com/mcpany/jules/internal/worker/pr_monitor.go:569.38,571.4 1 1
github.com/mcpany/jules/internal/worker/pr_monitor.go:572.3,573.19 2 1
github.com/mcpany/jules/internal/worker/pr_monitor.go:573.19,575.4 1 1
github.com/mcpany/jules/internal/worker/pr_monitor.go:576.3,579.24 3 1
github.com/mcpany/jules/internal/worker/pr_monitor.go:579.24,583.20 3 1
github.com/mcpany/jules/internal/worker/pr_monitor.go:583.20,588.45 2 1
github.com/mcpany/jules/internal/worker/pr_monitor.go:588.45,590.102 2 1
github.com/mcpany/jules/internal/worker/pr_monitor.go:590.102,592.12 2 1
github.com/mcpany/jules/internal/worker/pr_monitor.go:596.5,596.107 1 1
github.com/mcpany/jules/internal/worker/pr_monitor.go:596.107,599.6 2 1
github.com/mcpany/jules/internal/worker/pr_monitor.go:599.11,601.6 1 1
github.com/mcpany/jules/internal/worker/pr_monitor.go:602.10,604.76 1 1
github.com/mcpany/jules/internal/worker/pr_monitor.go:604.76,607.6 2 1
github.com/mcpany/jules/internal/worker/pr_monitor.go:607.11,610.6 1 0
github.com/mcpany/jules/internal/worker/pr_monitor.go:614.3,614.20 1 1
github.com/mcpany/jules/internal/worker/pr_monitor.go:614.20,615.86 1 1
github.com/mcpany/jules/internal/worker/pr_monitor.go:615.86,617.5 1 0
github.com/mcpany/jules/internal/worker/pr_monitor.go:617.10,619.5 1 1
github.com/mcpany/jules/internal/worker/session_cache.go:27.79,29.18 2 0
github.com/mcpany/jules/internal/worker/session_cache.go:29.18,31.3 1 0
github.com/mcpany/jules/internal/worker/session_cache.go:33.2,36.16 4 0
github.com/mcpany/jules/internal/worker/session_cache.go:36.16,38.3 1 0
github.com/mcpany/jules/internal/worker/session_cache.go:40.2,43.16 3 0
github.com/mcpany/jules/internal/worker/session_cache.go:43.16,45.3 1 0
github.com/mcpany/jules/internal/worker/session_cache.go:46.2,48.38 2 0
github.com/mcpany/jules/internal/worker/session_cache.go:48.38,51.3 2 0
github.com/mcpany/jules/internal/worker/session_cache.go:53.2,57.71 2 0
github.com/mcpany/jules/internal/worker/session_cache.go:57.71,59.3 1 0
github.com/mcpany/jules/internal/worker/session_cache.go:62.2,66.12 3 0
github.com/mcpany/jules/internal/worker/session_cache.go:77.146,88.2 1 1
github.com/mcpany/jules/internal/worker/session_cache.go:91.62,93.2 1 1
github.com/mcpany/jules/internal/worker/session_cache.go:95.63,97.6 2 0
github.com/mcpany/jules/internal/worker/session_cache.go:97.6,99.10 2 0
github.com/mcpany/jules/internal/worker/session_cache.go:100.21,101.14 1 0
github.com/mcpany/jules/internal/worker/session_cache.go:102.31,104.42 2 0
github.com/mcpany/jules/internal/worker/session_cache.go:104.42,107.5 2 0
github.com/mcpany/jules/internal/worker/session_cache.go:108.4,110.112 3 0
github.com/mcpany/jules/internal/worker/session_cache.go:115.77,117.2 1 0
github.com/mcpany/jules/internal/worker/session_cache.go:119.66,122.16 2 1
github.com/mcpany/jules/internal/worker/session_cache.go:122.16,124.3 1 0
github.com/mcpany/jules/internal/worker/session_cache.go:126.2,127.16 2 1
github.com/mcpany/jules/internal/worker/session_cache.go:127.16,129.3 1 0
github.com/mcpany/jules/internal/worker/session_cache.go:130.2,135.18 4 1
github.com/mcpany/jules/internal/worker/session_cache.go:135.18,140.75 4 1
github.com/mcpany/jules/internal/worker/session_cache.go:140.75,142.12 2 0
github.com/mcpany/jules/internal/worker/session_cache.go:145.3,151.67 5 1
github.com/mcpany/jules/internal/worker/session_cache.go:151.67,152.12 1 0
github.com/mcpany/jules/internal/worker/session_cache.go:155.3,158.16 3 1
github.com/mcpany/jules/internal/worker/session_cache.go:159.44,160.54 1 1
github.com/mcpany/jules/internal/worker/session_cache.go:161.59,162.59 1 0
github.com/mcpany/jules/internal/worker/session_cache.go:163.20,164.57 1 0
github.com/mcpany/jules/internal/worker/session_cache.go:167.3,167.48 1 1
github.com/mcpany/jules/internal/worker/session_cache.go:167.48,169.4 1 1
github.com/mcpany/jules/internal/worker/session_cache.go:171.3,171.19 1 1
github.com/mcpany/jules/internal/worker/session_cache.go:171.19,173.4 1 1
github.com/mcpany/jules/internal/worker/session_cache.go:175.2,177.31 2 1
github.com/mcpany/jules/internal/worker/session_cache.go:177.31,179.39 2 1
github.com/mcpany/jules/internal/worker/session_cache.go:179.39,180.56 1 1
github.com/mcpany/jules/internal/worker/session_cache.go:180.56,182.5 1 0
github.com/mcpany/jules/internal/worker/session_cache.go:182.10,184.5 1 1
github.com/mcpany/jules/internal/worker/session_cache.go:188.2,188.12 1 1
github.com/mcpany/jules/internal/worker/stale_branch.go:22.125,31.2 1 1
github.com/mcpany/jules/internal/worker/stale_branch.go:33.72,39.6 2 0
github.com/mcpany/jules/internal/worker/stale_branch.go:39.6,41.10 2 0
github.com/mcpany/jules/internal/worker/stale_branch.go:42.21,43.14 1 0
github.com/mcpany/jules/internal/worker/stale_branch.go:44.31,46.42 2 0
github.com/mcpany/jules/internal/worker/stale_branch.go:46.42,49.5 2 0
github.com/mcpany/jules/internal/worker/stale_branch.go:50.4,52.112 3 0
github.com/mcpany/jules/internal/worker/stale_branch.go:57.86,60.50 2 1
github.com/mcpany/jules/internal/worker/stale_branch.go:60.50,63.3 1 1
github.com/mcpany/jules/internal/worker/stale_branch.go:64.2,64.22 1 1
github.com/mcpany/jules/internal/worker/stale_branch.go:67.75,69.16 2 1
github.com/mcpany/jules/internal/worker/stale_branch.go:69.16,71.3 1 0
github.com/mcpany/jules/internal/worker/stale_branch.go:73.2,73.37 1 1
github.com/mcpany/jules/internal/worker/stale_branch.go:73.37,75.3 1 1
github.com/mcpany/jules/internal/worker/stale_branch.go:77.2,78.17 2 0
github.com/mcpany/jules/internal/worker/stale_branch.go:78.17,81.3 2 0
github.com/mcpany/jules/internal/worker/stale_branch.go:83.2,92.16 3 0
github.com/mcpany/jules/internal/worker/stale_branch.go:92.16,94.3 1 0
github.com/mcpany/jules/internal/worker/stale_branch.go:95.2,98.18 3 0
github.com/mcpany/jules/internal/worker/stale_branch.go:98.18,100.39 2 0
github.com/mcpany/jules/internal/worker/stale_branch.go:100.39,102.4 1 0
github.com/mcpany/jules/internal/worker/stale_branch.go:104.2,106.37 2 0
github.com/mcpany/jules/internal/worker/stale_branch.go:106.37,108.22 2 0
github.com/mcpany/jules/internal/worker/stale_branch.go:108.22,109.12 1 0
github.com/mcpany/jules/internal/worker/stale_branch.go:111.3,116.17 4 0
github.com/mcpany/jules/internal/worker/stale_branch.go:116.17,118.12 2 0
github.com/mcpany/jules/internal/worker/stale_branch.go:121.3,121.30 1 0
github.com/mcpany/jules/internal/worker/stale_branch.go:121.30,122.21 1 0
github.com/mcpany/jules/internal/worker/stale_branch.go:122.21,123.13 1 0
github.com/mcpany/jules/internal/worker/stale_branch.go:125.4,129.42 2 0
github.com/mcpany/jules/internal/worker/stale_branch.go:129.42,130.13 1 0
github.com/mcpany/jules/internal/worker/stale_branch.go:146.2,146.12 1 0
github.com/mcpany/jules/internal/service/cron.go:19.111,27.16 2 1
github.com/mcpany/jules/internal/service/cron.go:27.16,29.3 1 0
github.com/mcpany/jules/internal/service/cron.go:30.2,33.18 3 1
github.com/mcpany/jules/internal/service/cron.go:33.18,45.17 4 1
github.com/mcpany/jules/internal/service/cron.go:45.17,47.4 1 0
github.com/mcpany/jules/internal/service/cron.go:49.3,49.22 1 1
github.com/mcpany/jules/internal/service/cron.go:49.22,51.4 1 1
github.com/mcpany/jules/internal/service/cron.go:52.3,52.22 1 1
github.com/mcpany/jules/internal/service/cron.go:52.22,54.4 1 0
github.com/mcpany/jules/internal/service/cron.go:56.3,56.27 1 1
github.com/mcpany/jules/internal/service/cron.go:56.27,57.49 1 1
github.com/mcpany/jules/internal/service/cron.go:57.49,59.5 1 0
github.com/mcpany/jules/internal/service/cron.go:59.10,61.5 1 1
github.com/mcpany/jules/internal/service/cron.go:63.3,63.26 1 1
github.com/mcpany/jules/internal/service/cron.go:65.2,65.54 1 1
github.com/mcpany/jules/internal/service/cron.go:68.111,74.60 4 1
github.com/mcpany/jules/internal/service/cron.go:74.60,76.3 1 0
github.com/mcpany/jules/internal/service/cron.go:78.2,88.16 2 1
github.com/mcpany/jules/internal/service/cron.go:88.16,90.3 1 0
github.com/mcpany/jules/internal/service/cron.go:92.2,106.8 1 1
github.com/mcpany/jules/internal/service/cron.go:109.114,122.21 3 0
github.com/mcpany/jules/internal/service/cron.go:122.21,125.3 2 0
github.com/mcpany/jules/internal/service/cron.go:126.2,126.25 1 0
github.com/mcpany/jules/internal/service/cron.go:126.25,129.3 2 0
github.com/mcpany/jules/internal/service/cron.go:130.2,130.23 1 0
github.com/mcpany/jules/internal/service/cron.go:130.23,133.3 2 0
github.com/mcpany/jules/internal/service/cron.go:134.2,134.21 1 0
github.com/mcpany/jules/internal/service/cron.go:134.21,137.3 2 0
github.com/mcpany/jules/internal/service/cron.go:138.2,138.23 1 0
github.com/mcpany/jules/internal/service/cron.go:138.23,141.3 2 0
github.com/mcpany/jules/internal/service/cron.go:142.2,142.29 1 0
github.com/mcpany/jules/internal/service/cron.go:142.29,145.3 2 0
github.com/mcpany/jules/internal/service/cron.go:146.2,146.31 1 0
github.com/mcpany/jules/internal/service/cron.go:146.31,148.62 2 0
github.com/mcpany/jules/internal/service/cron.go:148.62,150.4 1 0
github.com/mcpany/jules/internal/service/cron.go:151.3,152.31 2 0
github.com/mcpany/jules/internal/service/cron.go:154.2,154.36 1 0
github.com/mcpany/jules/internal/service/cron.go:154.36,157.3 2 0
github.com/mcpany/jules/internal/service/cron.go:158.2,158.29 1 0
github.com/mcpany/jules/internal/service/cron.go:158.29,161.3 2 0
github.com/mcpany/jules/internal/service/cron.go:162.2,162.24 1 0
github.com/mcpany/jules/internal/service/cron.go:162.24,165.3 2 0
github.com/mcpany/jules/internal/service/cron.go:167.2,171.16 4 0
github.com/mcpany/jules/internal/service/cron.go:171.16,173.3 1 0
github.com/mcpany/jules/internal/service/cron.go:175.2,175.30 1 0
github.com/mcpany/jules/internal/service/cron.go:178.114,180.16 2 1
github.com/mcpany/jules/internal/service/cron.go:180.16,182.3 1 0
github.com/mcpany/jules/internal/service/cron.go:183.2,183.30 1 1
github.com/mcpany/jules/internal/service/cron.go:186.114,188.16 2 1
github.com/mcpany/jules/internal/service/cron.go:188.16,190.3 1 0
github.com/mcpany/jules/internal/service/cron.go:191.2,191.30 1 1
github.com/mcpany/jules/internal/service/cron.go:194.116,201.16 4 0
github.com/mcpany/jules/internal/service/cron.go:201.16,203.3 1 0
github.com/mcpany/jules/internal/service/cron.go:206.2,220.16 5 0
github.com/mcpany/jules/internal/service/cron.go:220.16,222.3 1 0
github.com/mcpany/jules/internal/service/cron.go:225.2,227.30 2 0
github.com/mcpany/jules/internal/service/job.go:21.99,30.16 3 1
github.com/mcpany/jules/internal/service/job.go:30.16,32.3 1 0
github.com/mcpany/jules/internal/service/job.go:33.2,36.18 3 1
github.com/mcpany/jules/internal/service/job.go:36.18,53.17 3 1
github.com/mcpany/jules/internal/service/job.go:53.17,55.4 1 0
github.com/mcpany/jules/internal/service/job.go:57.3,57.19 1 1
github.com/mcpany/jules/internal/service/job.go:57.19,59.4 1 1
github.com/mcpany/jules/internal/service/job.go:60.3,60.25 1 1
github.com/mcpany/jules/internal/service/job.go:60.25,62.4 1 1
github.com/mcpany/jules/internal/service/job.go:63.3,63.19 1 1
github.com/mcpany/jules/internal/service/job.go:63.19,65.4 1 1
github.com/mcpany/jules/internal/service/job.go:66.3,66.32 1 1
github.com/mcpany/jules/internal/service/job.go:66.32,68.4 1 1
github.com/mcpany/jules/internal/service/job.go:69.3,69.22 1 1
github.com/mcpany/jules/internal/service/job.go:69.22,71.4 1 1
github.com/mcpany/jules/internal/service/job.go:72.3,72.22 1 1
github.com/mcpany/jules/internal/service/job.go:72.22,74.4 1 1
github.com/mcpany/jules/internal/service/job.go:76.3,76.58 1 1
github.com/mcpany/jules/internal/service/job.go:76.58,77.87 1 1
github.com/mcpany/jules/internal/service/job.go:77.87,79.5 1 0
github.com/mcpany/jules/internal/service/job.go:80.9,82.4 1 0
github.com/mcpany/jules/internal/service/job.go:84.3,84.27 1 1
github.com/mcpany/jules/internal/service/job.go:84.27,85.49 1 1
github.com/mcpany/jules/internal/service/job.go:85.49,87.5 1 0
github.com/mcpany/jules/internal/service/job.go:87.10,89.5 1 1
github.com/mcpany/jules/internal/service/job.go:92.3,92.26 1 1
github.com/mcpany/jules/internal/service/job.go:94.2,94.46 1 1
github.com/mcpany/jules/internal/service/job.go:97.89,98.18 1 1
github.com/mcpany/jules/internal/service/job.go:98.18,100.3 1 0
github.com/mcpany/jules/internal/service/job.go:102.2,126.26 4 1
github.com/mcpany/jules/internal/service/job.go:126.26,128.3 1 1
github.com/mcpany/jules/internal/service/job.go:128.8,128.23 1 1
github.com/mcpany/jules/internal/service/job.go:128.23,130.3 1 0
github.com/mcpany/jules/internal/service/job.go:132.2,132.18 1 1
github.com/mcpany/jules/internal/service/job.go:132.18,134.3 1 1
github.com/mcpany/jules/internal/service/job.go:135.2,135.24 1 1
github.com/mcpany/jules/internal/service/job.go:135.24,137.3 1 1
github.com/mcpany/jules/internal/service/job.go:138.2,138.18 1 1
github.com/mcpany/jules/internal/service/job.go:138.18,140.3 1 1
github.com/mcpany/jules/internal/service/job.go:141.2,141.31 1 1
github.com/mcpany/jules/internal/service/job.go:141.31,143.3 1 1
github.com/mcpany/jules/internal/service/job.go:144.2,144.21 1 1
github.com/mcpany/jules/internal/service/job.go:144.21,146.3 1 1
github.com/mcpany/jules/internal/service/job.go:147.2,147.21 1 1
github.com/mcpany/jules/internal/service/job.go:147.21,149.3 1 1
github.com/mcpany/jules/internal/service/job.go:151.2,151.57 1 1
github.com/mcpany/jules/internal/service/job.go:151.57,152.86 1 1
github.com/mcpany/jules/internal/service/job.go:152.86,154.4 1 0
github.com/mcpany/jules/internal/service/job.go:155.8,157.3 1 0
github.com/mcpany/jules/internal/service/job.go:159.2,159.71 1 1
github.com/mcpany/jules/internal/service/job.go:159.71,161.3 1 0
github.com/mcpany/jules/internal/service/job.go:163.2,163.16 1 1
github.com/mcpany/jules/internal/service/job.go:166.95,167.25 1 1
github.com/mcpany/jules/internal/service/job.go:167.25,169.3 1 1
github.com/mcpany/jules/internal/service/job.go:170.2,170.29 1 1
github.com/mcpany/jules/internal/service/job.go:170.29,172.3 1 1
github.com/mcpany/jules/internal/service/job.go:174.2,175.14 2 1
github.com/mcpany/jules/internal/service/job.go:175.14,177.3 1 0
github.com/mcpany/jules/internal/service/job.go:179.2,180.21 2 1
github.com/mcpany/jules/internal/service/job.go:180.21,182.3 1 1
github.com/mcpany/jules/internal/service/job.go:184.2,185.27 2 1
github.com/mcpany/jules/internal/service/job.go:185.27,187.3 1 1
github.com/mcpany/jules/internal/service/job.go:189.2,190.60 2 1
github.com/mcpany/jules/internal/service/job.go:190.60,192.3 1 0
github.com/mcpany/jules/internal/service/job.go:194.2,203.16 2 1
github.com/mcpany/jules/internal/service/job.go:203.16,205.3 1 0
github.com/mcpany/jules/internal/service/job.go:208.2,224.8 1 1
github.com/mcpany/jules/internal/service/job.go:227.112,229.16 2 1
github.com/mcpany/jules/internal/service/job.go:229.16,231.3 1 0
github.com/mcpany/jules/internal/service/job.go:232.2,241.16 3 1
github.com/mcpany/jules/internal/service/job.go:241.16,243.3 1 0
github.com/mcpany/jules/internal/service/job.go:244.2,246.29 2 1
github.com/mcpany/jules/internal/service/job.go:246.29,247.24 1 1
github.com/mcpany/jules/internal/service/job.go:247.24,249.4 1 0
github.com/mcpany/jules/internal/service/job.go:250.3,250.28 1 1
github.com/mcpany/jules/internal/service/job.go:250.28,252.4 1 1
github.com/mcpany/jules/internal/service/job.go:254.3,255.26 2 1
github.com/mcpany/jules/internal/service/job.go:255.26,257.4 1 1
github.com/mcpany/jules/internal/service/job.go:259.3,260.59 2 1
github.com/mcpany/jules/internal/service/job.go:260.59,262.4 1 0
github.com/mcpany/jules/internal/service/job.go:264.3,265.15 2 1
github.com/mcpany/jules/internal/service/job.go:265.15,267.4 1 0
github.com/mcpany/jules/internal/service/job.go:268.3,269.22 2 1
github.com/mcpany/jules/internal/service/job.go:269.22,271.4 1 1
github.com/mcpany/jules/internal/service/job.go:273.3,275.65 1 1
github.com/mcpany/jules/internal/service/job.go:275.65,277.4 1 0
github.com/mcpany/jules/internal/service/job.go:280.2,280.36 1 1
github.com/mcpany/jules/internal/service/job.go:280.36,282.3 1 0
github.com/mcpany/jules/internal/service/job.go:283.2,283.30 1 1
github.com/mcpany/jules/internal/service/job.go:286.102,291.21 4 1
github.com/mcpany/jules/internal/service/job.go:291.21,292.27 1 1
github.com/mcpany/jules/internal/service/job.go:292.27,294.4 1 1
github.com/mcpany/jules/internal/service/job.go:295.3,297.17 3 1
github.com/mcpany/jules/internal/service/job.go:299.2,299.23 1 1
github.com/mcpany/jules/internal/service/job.go:299.23,303.3 3 0
github.com/mcpany/jules/internal/service/job.go:306.2,306.14 1 1
github.com/mcpany/jules/internal/service/job.go:306.14,308.3 1 0
github.com/mcpany/jules/internal/service/job.go:310.2,315.16 5 1
github.com/mcpany/jules/internal/service/job.go:315.16,317.3 1 0
github.com/mcpany/jules/internal/service/job.go:319.2,319.30 1 1
github.com/mcpany/jules/internal/service/job.go:322.102,324.16 2 1
github.com/mcpany/jules/internal/service/job.go:324.16,326.3 1 0
github.com/mcpany/jules/internal/service/job.go:327.2,327.30 1 1
github.com/mcpany/jules/internal/service/log.go:14.103,16.16 2 0
github.com/mcpany/jules/internal/service/log.go:16.16,18.3 1 0
github.com/mcpany/jules/internal/service/log.go:21.2,22.25 2 0
github.com/mcpany/jules/internal/service/log.go:22.25,24.3 1 0
github.com/mcpany/jules/internal/service/log.go:26.2,26.49 1 0
github.com/mcpany/jules/internal/service/profile.go:19.111,21.16 2 0
github.com/mcpany/jules/internal/service/profile.go:21.16,23.3 1 0
github.com/mcpany/jules/internal/service/profile.go:24.2,27.18 3 0
github.com/mcpany/jules/internal/service/profile.go:27.18,29.65 2 0
github.com/mcpany/jules/internal/service/profile.go:29.65,31.4 1 0
github.com/mcpany/jules/internal/service/profile.go:32.3,32.34 1 0
github.com/mcpany/jules/internal/service/profile.go:35.2,35.58 1 0
github.com/mcpany/jules/internal/service/profile.go:38.111,39.20 1 1
github.com/mcpany/jules/internal/service/profile.go:39.20,41.3 1 1
github.com/mcpany/jules/internal/service/profile.go:42.2,42.25 1 1
github.com/mcpany/jules/internal/service/profile.go:42.25,44.3 1 1
github.com/mcpany/jules/internal/service/profile.go:46.2,50.16 4 1
github.com/mcpany/jules/internal/service/profile.go:50.16,52.3 1 0
github.com/mcpany/jules/internal/service/profile.go:54.2,58.8 1 1
github.com/mcpany/jules/internal/service/profile.go:61.114,62.18 1 0
github.com/mcpany/jules/internal/service/profile.go:62.18,64.3 1 0
github.com/mcpany/jules/internal/service/profile.go:66.2,66.25 1 0
github.com/mcpany/jules/internal/service/profile.go:66.25,68.3 1 0
github.com/mcpany/jules/internal/service/profile.go:70.2,71.16 2 0
github.com/mcpany/jules/internal/service/profile.go:71.16,73.3 1 0
github.com/mcpany/jules/internal/service/profile.go:75.2,75.30 1 0
github.com/mcpany/jules/internal/service/prompt.go:20.128,22.16 2 1
github.com/mcpany/jules/internal/service/prompt.go:22.16,24.3 1 0
github.com/mcpany/jules/internal/service/prompt.go:25.2,28.18 3 1
github.com/mcpany/jules/internal/service/prompt.go:28.18,30.77 2 1
github.com/mcpany/jules/internal/service/prompt.go:30.77,32.4 1 0
github.com/mcpany/jules/internal/service/prompt.go:33.3,33.32 1 1
github.com/mcpany/jules/internal/service/prompt.go:35.2,35.65 1 1
github.com/mcpany/jules/internal/service/prompt.go:38.121,41.16 3 1
github.com/mcpany/jules/internal/service/prompt.go:41.16,43.3 1 0
github.com/mcpany/jules/internal/service/prompt.go:44.2,44.16 1 1
github.com/mcpany/jules/internal/service/prompt.go:47.127,48.26 1 1
github.com/mcpany/jules/internal/service/prompt.go:48.26,50.3 1 1
github.com/mcpany/jules/internal/service/prompt.go:51.2,51.29 1 1
github.com/mcpany/jules/internal/service/prompt.go:51.29,53.3 1 1
github.com/mcpany/jules/internal/service/prompt.go:54.2,55.16 2 1
github.com/mcpany/jules/internal/service/prompt.go:55.16,57.3 1 0
github.com/mcpany/jules/internal/service/prompt.go:58.2,58.130 1 1
github.com/mcpany/jules/internal/service/prompt.go:61.131,63.16 2 1
github.com/mcpany/jules/internal/service/prompt.go:63.16,65.3 1 0
github.com/mcpany/jules/internal/service/prompt.go:66.2,69.16 3 1
github.com/mcpany/jules/internal/service/prompt.go:69.16,71.3 1 0
github.com/mcpany/jules/internal/service/prompt.go:72.2,74.32 2 1
github.com/mcpany/jules/internal/service/prompt.go:74.32,75.25 1 1
github.com/mcpany/jules/internal/service/prompt.go:75.25,77.4 1 0
github.com/mcpany/jules/internal/service/prompt.go:78.3,78.28 1 1
github.com/mcpany/jules/internal/service/prompt.go:78.28,80.4 1 0
github.com/mcpany/jules/internal/service/prompt.go:81.3,81.76 1 1
github.com/mcpany/jules/internal/service/prompt.go:81.76,83.4 1 0
github.com/mcpany/jules/internal/service/prompt.go:85.2,85.38 1 1
github.com/mcpany/jules/internal/service/prompt.go:88.121,89.47 1 1
github.com/mcpany/jules/internal/service/prompt.go:89.47,91.3 1 0
github.com/mcpany/jules/internal/service/prompt.go:92.2,92.51 1 1
github.com/mcpany/jules/internal/service/prompt.go:92.51,94.3 1 1
github.com/mcpany/jules/internal/service/prompt.go:95.2,96.16 2 1
github.com/mcpany/jules/internal/service/prompt.go:96.16,98.3 1 0
github.com/mcpany/jules/internal/service/prompt.go:99.2,99.30 1 1
github.com/mcpany/jules/internal/service/prompt.go:102.121,104.16 2 1
github.com/mcpany/jules/internal/service/prompt.go:104.16,106.3 1 0
github.com/mcpany/jules/internal/service/prompt.go:107.2,107.30 1 1
github.com/mcpany/jules/internal/service/prompt.go:111.123,113.16 2 0
github.com/mcpany/jules/internal/service/prompt.go:113.16,115.3 1 0
github.com/mcpany/jules/internal/service/prompt.go:116.2,119.18 3 0
github.com/mcpany/jules/internal/service/prompt.go:119.18,121.77 2 0
github.com/mcpany/jules/internal/service/prompt.go:121.77,123.4 1 0
github.com/mcpany/jules/internal/service/prompt.go:124.3,124.32 1 0
github.com/mcpany/jules/internal/service/prompt.go:126.2,126.65 1 0
github.com/mcpany/jules/internal/service/prompt.go:129.115,132.16 3 0
github.com/mcpany/jules/internal/service/prompt.go:132.16,134.3 1 0
github.com/mcpany/jules/internal/service/prompt.go:135.2,135.16 1 0
github.com/mcpany/jules/internal/service/prompt.go:138.121,139.26 1 1
github.com/mcpany/jules/internal/service/prompt.go:139.26,141.3 1 0
github.com/mcpany/jules/internal/service/prompt.go:142.2,142.29 1 1
github.com/mcpany/jules/internal/service/prompt.go:142.29,144.3 1 1
github.com/mcpany/jules/internal/service/prompt.go:145.2,146.16 2 0
github.com/mcpany/jules/internal/service/prompt.go:146.16,148.3 1 0
github.com/mcpany/jules/internal/service/prompt.go:149.2,149.110 1 0
github.com/mcpany/jules/internal/service/prompt.go:152.126,154.16 2 0
github.com/mcpany/jules/internal/service/prompt.go:154.16,156.3 1 0
github.com/mcpany/jules/internal/service/prompt.go:157.2,160.16 3 0
github.com/mcpany/jules/internal/service/prompt.go:160.16,162.3 1 0
github.com/mcpany/jules/internal/service/prompt.go:163.2,165.32 2 0
github.com/mcpany/jules/internal/service/prompt.go:165.32,166.25 1 0
github.com/mcpany/jules/internal/service/prompt.go:166.25,168.4 1 0
github.com/mcpany/jules/internal/service/prompt.go:169.3,169.28 1 0
github.com/mcpany/jules/internal/service/prompt.go:169.28,171.4 1 0
github.com/mcpany/jules/internal/service/prompt.go:172.3,172.76 1 0
github.com/mcpany/jules/internal/service/prompt.go:172.76,174.4 1 0
github.com/mcpany/jules/internal/service/prompt.go:176.2,176.38 1 0
github.com/mcpany/jules/internal/service/prompt.go:179.115,180.47 1 0
github.com/mcpany/jules/internal/service/prompt.go:180.47,182.3 1 0
github.com/mcpany/jules/internal/service/prompt.go:183.2,183.51 1 0
github.com/mcpany/jules/internal/service/prompt.go:183.51,185.3 1 0
github.com/mcpany/jules/internal/service/prompt.go:186.2,187.16 2 0
github.com/mcpany/jules/internal/service/prompt.go:187.16,189.3 1 0
github.com/mcpany/jules/internal/service/prompt.go:190.2,190.30 1 0
[...]
github.com/mcpany/jules/internal/worker/manager.go:37.27,39.15 2 0
github.com/mcpany/jules/internal/worker/manager.go:39.15,43.3 3 0
github.com/mcpany/jules/internal/worker/manager.go:44.2,47.30 3 0
github.com/mcpany/jules/internal/worker/manager.go:47.30,49.21 2 0
github.com/mcpany/jules/internal/worker/manager.go:49.21,52.41 3 0
github.com/mcpany/jules/internal/worker/manager.go:52.41,54.5 1 0
github.com/mcpany/jules/internal/worker/manager.go:55.4,55.47 1 0
github.com/mcpany/jules/internal/worker/manager.go:60.26,63.2 2 0
github.com/mcpany/jules/internal/worker/manager.go:71.36,73.2 1 0
github.com/mcpany/jules/internal/worker/pool.go:17.36,18.26 1 0
github.com/mcpany/jules/internal/worker/pool.go:18.26,20.3 1 0
github.com/mcpany/jules/internal/worker/pool.go:21.2,21.22 1 0
github.com/mcpany/jules/internal/worker/pool.go:25.70,27.2 1 0
github.com/mcpany/jules/internal/worker/pr_monitor.go:48.196,63.2 1 0
github.com/mcpany/jules/internal/worker/pr_monitor.go:65.60,70.40 3 0
github.com/mcpany/jules/internal/worker/pr_monitor.go:70.40,72.3 1 0
github.com/mcpany/jules/internal/worker/pr_monitor.go:74.2,74.6 1 0
github.com/mcpany/jules/internal/worker/pr_monitor.go:74.6,76.10 2 0
github.com/mcpany/jules/internal/worker/pr_monitor.go:77.21,78.14 1 0
github.com/mcpany/jules/internal/worker/pr_monitor.go:79.31,81.42 2 0
github.com/mcpany/jules/internal/worker/pr_monitor.go:81.42,84.5 2 0
github.com/mcpany/jules/internal/worker/pr_monitor.go:85.4,87.123 3 0
github.com/mcpany/jules/internal/worker/pr_monitor.go:92.74,94.16 2 0
github.com/mcpany/jules/internal/worker/pr_monitor.go:94.16,95.38 1 0
github.com/mcpany/jules/internal/worker/pr_monitor.go:95.38,97.4 1 0
github.com/mcpany/jules/internal/worker/pr_monitor.go:99.2,99.26 1 0
github.com/mcpany/jules/internal/worker/pr_monitor.go:102.63,104.16 2 0
github.com/mcpany/jules/internal/worker/pr_monitor.go:104.16,106.3 1 0
github.com/mcpany/jules/internal/worker/pr_monitor.go:108.2,108.40 1 0
github.com/mcpany/jules/internal/worker/pr_monitor.go:108.40,110.3 1 0
github.com/mcpany/jules/internal/worker/pr_monitor.go:113.2,114.16 2 0
github.com/mcpany/jules/internal/worker/pr_monitor.go:114.16,116.3 1 0
github.com/mcpany/jules/internal/worker/pr_monitor.go:117.2,120.18 3 0
github.com/mcpany/jules/internal/worker/pr_monitor.go:120.18,122.39 2 0
github.com/mcpany/jules/internal/worker/pr_monitor.go:122.39,123.12 1 0
github.com/mcpany/jules/internal/worker/pr_monitor.go:125.9,125.26 1 0
github.com/mcpany/jules/internal/worker/pr_monitor.go:127.2,130.43 2 0
github.com/mcpany/jules/internal/worker/pr_monitor.go:130.43,133.23 3 0
github.com/mcpany/jules/internal/worker/pr_monitor.go:133.23,135.10 1 0
github.com/mcpany/jules/internal/worker/pr_monitor.go:135.15,136.41 1 0
github.com/mcpany/jules/internal/worker/pr_monitor.go:136.41,137.76 1 0
github.com/mcpany/jules/internal/worker/pr_monitor.go:137.76,140.18 2 0
github.com/mcpany/jules/internal/worker/pr_monitor.go:145.5,146.28 2 0
github.com/mcpany/jules/internal/worker/pr_monitor.go:146.28,148.6 1 0
github.com/mcpany/jules/internal/worker/pr_monitor.go:150.2,150.21 1 0
github.com/mcpany/jules/internal/worker/pr_monitor.go:150.21,153.3 2 0
github.com/mcpany/jules/internal/worker/pr_monitor.go:155.2,158.26 3 0
github.com/mcpany/jules/internal/worker/pr_monitor.go:158.26,161.24 3 0
github.com/mcpany/jules/internal/worker/pr_monitor.go:161.24,164.4 2 0
github.com/mcpany/jules/internal/worker/pr_monitor.go:167.2,168.12 2 0
github.com/mcpany/jules/internal/worker/pr_monitor.go:171.95,173.21 2 0
github.com/mcpany/jules/internal/worker/pr_monitor.go:173.21,176.3 2 0
github.com/mcpany/jules/internal/worker/pr_monitor.go:177.2,188.9 4 0
github.com/mcpany/jules/internal/worker/pr_monitor.go:188.9,190.23 2 0
github.com/mcpany/jules/internal/worker/pr_monitor.go:190.23,193.10 2 0
github.com/mcpany/jules/internal/worker/pr_monitor.go:194.9,196.31 3 0
github.com/mcpany/jules/internal/worker/pr_monitor.go:196.31,197.18 1 0
github.com/mcpany/jules/internal/worker/pr_monitor.go:199.9,199.34 1 0
github.com/mcpany/jules/internal/worker/pr_monitor.go:202.2,204.25 2 0
github.com/mcpany/jules/internal/worker/pr_monitor.go:204.25,205.99 1 0
github.com/mcpany/jules/internal/worker/pr_monitor.go:205.99,206.12 1 0
github.com/mcpany/jules/internal/worker/pr_monitor.go:210.3,210.54 1 0
github.com/mcpany/jules/internal/worker/pr_monitor.go:210.54,212.91 2 0
github.com/mcpany/jules/internal/worker/pr_monitor.go:212.91,214.5 1 0
github.com/mcpany/jules/internal/worker/pr_monitor.go:215.4,215.12 1 0
github.com/mcpany/jules/internal/worker/pr_monitor.go:221.3,221.41 1 0
github.com/mcpany/jules/internal/worker/pr_monitor.go:221.41,225.49 3 0
github.com/mcpany/jules/internal/worker/pr_monitor.go:225.49,227.5 1 0
github.com/mcpany/jules/internal/worker/pr_monitor.go:229.4,239.45 7 0
github.com/mcpany/jules/internal/worker/pr_monitor.go:239.45,240.70 1 0
github.com/mcpany/jules/internal/worker/pr_monitor.go:240.70,244.6 3 0
github.com/mcpany/jules/internal/worker/pr_monitor.go:252.4,252.80 1 0
github.com/mcpany/jules/internal/worker/pr_monitor.go:252.80,254.45 1 0
github.com/mcpany/jules/internal/worker/pr_monitor.go:254.45,256.90 2 0
github.com/mcpany/jules/internal/worker/pr_monitor.go:256.90,260.7 3 0
github.com/mcpany/jules/internal/worker/pr_monitor.go:264.4,264.15 1 0
github.com/mcpany/jules/internal/worker/pr_monitor.go:264.15,268.91 3 0
github.com/mcpany/jules/internal/worker/pr_monitor.go:268.91,270.6 1 0
github.com/mcpany/jules/internal/worker/pr_monitor.go:272.5,272.92 1 0
github.com/mcpany/jules/internal/worker/pr_monitor.go:272.92,274.6 1 0
github.com/mcpany/jules/internal/worker/pr_monitor.go:275.5,275.13 1 0
github.com/mcpany/jules/internal/worker/pr_monitor.go:280.3,281.17 2 0
github.com/mcpany/jules/internal/worker/pr_monitor.go:281.17,283.4 1 0
github.com/mcpany/jules/internal/worker/pr_monitor.go:284.3,284.14 1 0
github.com/mcpany/jules/internal/worker/pr_monitor.go:284.14,285.12 1 0
github.com/mcpany/jules/internal/worker/pr_monitor.go:288.3,294.30 3 0
github.com/mcpany/jules/internal/worker/pr_monitor.go:294.30,296.4 1 0
github.com/mcpany/jules/internal/worker/pr_monitor.go:299.3,299.77 1 0
github.com/mcpany/jules/internal/worker/pr_monitor.go:303.125,304.43 1 0
github.com/mcpany/jules/internal/worker/pr_monitor.go:304.43,306.3 1 0
github.com/mcpany/jules/internal/worker/pr_monitor.go:307.2,307.63 1 0
github.com/mcpany/jules/internal/worker/pr_monitor.go:307.63,309.3 1 0
github.com/mcpany/jules/internal/worker/pr_monitor.go:312.2,312.42 1 0
github.com/mcpany/jules/internal/worker/pr_monitor.go:312.42,314.3 1 0
github.com/mcpany/jules/internal/worker/pr_monitor.go:315.2,316.16 2 0
github.com/mcpany/jules/internal/worker/pr_monitor.go:316.16,319.3 2 0
github.com/mcpany/jules/internal/worker/pr_monitor.go:320.2,320.55 1 0
github.com/mcpany/jules/internal/worker/pr_monitor.go:320.55,322.3 1 0
github.com/mcpany/jules/internal/worker/pr_monitor.go:325.2,325.36 1 0
github.com/mcpany/jules/internal/worker/pr_monitor.go:325.36,327.3 1 0
github.com/mcpany/jules/internal/worker/pr_monitor.go:329.2,334.21 4 0
github.com/mcpany/jules/internal/worker/pr_monitor.go:334.21,336.3 1 0
github.com/mcpany/jules/internal/worker/pr_monitor.go:337.2,337.20 1 0
github.com/mcpany/jules/internal/worker/pr_monitor.go:337.20,339.3 1 0
github.com/mcpany/jules/internal/worker/pr_monitor.go:350.2,352.29 3 0
github.com/mcpany/jules/internal/worker/pr_monitor.go:352.29,354.61 2 0
github.com/mcpany/jules/internal/worker/pr_monitor.go:354.61,355.12 1 0
github.com/mcpany/jules/internal/worker/pr_monitor.go:357.3,357.52 1 0
github.com/mcpany/jules/internal/worker/pr_monitor.go:357.52,358.12 1 0
github.com/mcpany/jules/internal/worker/pr_monitor.go:360.3,360.40 1 0
github.com/mcpany/jules/internal/worker/pr_monitor.go:362.2,367.18 5 0
github.com/mcpany/jules/internal/worker/pr_monitor.go:367.18,369.3 1 0
github.com/mcpany/jules/internal/worker/pr_monitor.go:371.2,371.109 1 0
github.com/mcpany/jules/internal/worker/pr_monitor.go:371.109,373.3 1 0
github.com/mcpany/jules/internal/worker/pr_monitor.go:373.8,375.3 1 0
github.com/mcpany/jules/internal/worker/pr_monitor.go:378.126,380.16 2 0
github.com/mcpany/jules/internal/worker/pr_monitor.go:380.16,382.3 1 0
github.com/mcpany/jules/internal/worker/pr_monitor.go:384.2,384.29 1 0
github.com/mcpany/jules/internal/worker/pr_monitor.go:384.29,385.78 1 0
github.com/mcpany/jules/internal/worker/pr_monitor.go:385.78,391.39 2 0
github.com/mcpany/jules/internal/worker/pr_monitor.go:391.39,398.19 4 0
github.com/mcpany/jules/internal/worker/pr_monitor.go:398.19,400.6 1 0
github.com/mcpany/jules/internal/worker/pr_monitor.go:402.5,403.26 2 0
github.com/mcpany/jules/internal/worker/pr_monitor.go:403.26,405.123 2 0
github.com/mcpany/jules/internal/worker/pr_monitor.go:405.123,407.7 1 0
github.com/mcpany/jules/internal/worker/pr_monitor.go:410.5,410.26 1 0
github.com/mcpany/jules/internal/worker/pr_monitor.go:410.26,411.88 1 0
github.com/mcpany/jules/internal/worker/pr_monitor.go:411.88,413.7 1 0
github.com/mcpany/jules/internal/worker/pr_monitor.go:415.5,415.21 1 0
github.com/mcpany/jules/internal/worker/pr_monitor.go:419.2,419.19 1 0
github.com/mcpany/jules/internal/worker/pr_monitor.go:422.133,423.42 1 0
github.com/mcpany/jules/internal/worker/pr_monitor.go:423.42,425.3 1 0
github.com/mcpany/jules/internal/worker/pr_monitor.go:427.2,428.16 2 0
github.com/mcpany/jules/internal/worker/pr_monitor.go:428.16,431.3 2 0
github.com/mcpany/jules/internal/worker/pr_monitor.go:433.2,433.96 1 0
github.com/mcpany/jules/internal/worker/pr_monitor.go:433.96,434.75 1 0
github.com/mcpany/jules/internal/worker/pr_monitor.go:434.75,436.100 2 0
github.com/mcpany/jules/internal/worker/pr_monitor.go:436.100,438.5 1 0
github.com/mcpany/jules/internal/worker/pr_monitor.go:443.152,444.36 1 0
github.com/mcpany/jules/internal/worker/pr_monitor.go:444.36,447.3 2 0
github.com/mcpany/jules/internal/worker/pr_monitor.go:449.2,450.16 2 0
github.com/mcpany/jules/internal/worker/pr_monitor.go:450.16,453.3 2 0
github.com/mcpany/jules/internal/worker/pr_monitor.go:454.2,454.27 1 0
github.com/mcpany/jules/internal/worker/pr_monitor.go:454.27,457.3 2 0
github.com/mcpany/jules/internal/worker/pr_monitor.go:459.2,459.33 1 0
github.com/mcpany/jules/internal/worker/pr_monitor.go:459.33,462.3 2 0
github.com/mcpany/jules/internal/worker/pr_monitor.go:465.2,467.78 2 0
github.com/mcpany/jules/internal/worker/pr_monitor.go:467.78,471.7 3 0
github.com/mcpany/jules/internal/worker/pr_monitor.go:471.7,473.18 2 0
github.com/mcpany/jules/internal/worker/pr_monitor.go:473.18,476.5 2 0
github.com/mcpany/jules/internal/worker/pr_monitor.go:477.4,477.19 1 0
github.com/mcpany/jules/internal/worker/pr_monitor.go:477.19,479.5 1 0
github.com/mcpany/jules/internal/worker/pr_monitor.go:480.4,480.26 1 0
github.com/mcpany/jules/internal/worker/pr_monitor.go:480.26,481.10 1 0
github.com/mcpany/jules/internal/worker/pr_monitor.go:483.4,483.29 1 0
github.com/mcpany/jules/internal/worker/pr_monitor.go:489.3,490.36 2 0
github.com/mcpany/jules/internal/worker/pr_monitor.go:490.36,491.131 1 0
github.com/mcpany/jules/internal/worker/pr_monitor.go:491.131,493.10 2 0
github.com/mcpany/jules/internal/worker/pr_monitor.go:497.3,497.18 1 0
github.com/mcpany/jules/internal/worker/pr_monitor.go:497.18,499.37 1 0
github.com/mcpany/jules/internal/worker/pr_monitor.go:499.37,500.87 1 0
github.com/mcpany/jules/internal/worker/pr_monitor.go:500.87,503.6 2 0
github.com/mcpany/jules/internal/worker/pr_monitor.go:505.9,507.4 1 0
github.com/mcpany/jules/internal/worker/pr_monitor.go:510.3,510.56 1 0
github.com/mcpany/jules/internal/worker/pr_monitor.go:510.56,512.4 1 0
github.com/mcpany/jules/internal/worker/pr_monitor.go:515.3,515.12 1 0
github.com/mcpany/jules/internal/worker/pr_monitor.go:515.12,517.18 2 0
github.com/mcpany/jules/internal/worker/pr_monitor.go:517.18,519.5 1 0
github.com/mcpany/jules/internal/worker/pr_monitor.go:519.10,520.75 1 0
github.com/mcpany/jules/internal/worker/pr_monitor.go:520.75,522.82 2 0
github.com/mcpany/jules/internal/worker/pr_monitor.go:522.82,524.7 1 0
github.com/mcpany/jules/internal/worker/pr_monitor.go:524.12,527.7 2 0
github.com/mcpany/jules/internal/worker/pr_monitor.go:533.3,534.17 2 0
github.com/mcpany/jules/internal/worker/pr_monitor.go:534.17,537.4 2 0
github.com/mcpany/jules/internal/worker/pr_monitor.go:540.3,541.36 2 0
github.com/mcpany/jules/internal/worker/pr_monitor.go:541.36,542.131 1 0
github.com/mcpany/jules/internal/worker/pr_monitor.go:542.131,544.5 1 0
github.com/mcpany/jules/internal/worker/pr_monitor.go:546.3,546.50 1 0
github.com/mcpany/jules/internal/worker/pr_monitor.go:546.50,547.57 1 0
github.com/mcpany/jules/internal/worker/pr_monitor.go:547.57,549.5 1 0
github.com/mcpany/jules/internal/worker/pr_monitor.go:553.3,555.42 3 0
github.com/mcpany/jules/internal/worker/pr_monitor.go:555.42,556.26 1 0
github.com/mcpany/jules/internal/worker/pr_monitor.go:556.26,559.5 2 0
github.com/mcpany/jules/internal/worker/pr_monitor.go:562.3,562.30 1 0
github.com/mcpany/jules/internal/worker/pr_monitor.go:562.30,565.4 2 0
github.com/mcpany/jules/internal/worker/pr_monitor.go:568.3,569.38 2 0
github.com/mcpany/jules/internal/worker/pr_monitor.go:569.38,571.4 1 0
github.com/mcpany/jules/internal/worker/pr_monitor.go:572.3,573.19 2 0
github.com/mcpany/jules/internal/worker/pr_monitor.go:573.19,575.4 1 0
github.com/mcpany/jules/internal/worker/pr_monitor.go:576.3,579.24 3 0
github.com/mcpany/jules/internal/worker/pr_monitor.go:579.24,583.20 3 0
github.com/mcpany/jules/internal/worker/pr_monitor.go:583.20,588.45 2 0
github.com/mcpany/jules/internal/worker/pr_monitor.go:588.45,590.102 2 0
github.com/mcpany/jules/internal/worker/pr_monitor.go:590.102,592.12 2 0
github.com/mcpany/jules/internal/worker/pr_monitor.go:596.5,596.107 1 0
github.com/mcpany/jules/internal/worker/pr_monitor.go:596.107,599.6 2 0
github.com/mcpany/jules/internal/worker/pr_monitor.go:599.11,601.6 1 0
github.com/mcpany/jules/internal/worker/pr_monitor.go:602.10,604.76 1 0
github.com/mcpany/jules/internal/worker/pr_monitor.go:604.76,607.6 2 0
github.com/mcpany/jules/internal/worker/pr_monitor.go:607.11,610.6 1 0
github.com/mcpany/jules/internal/worker/pr_monitor.go:614.3,614.20 1 0
github.com/mcpany/jules/internal/worker/pr_monitor.go:614.20,615.86 1 0
github.com/mcpany/jules/internal/worker/pr_monitor.go:615.86,617.5 1 0
github.com/mcpany/jules/internal/worker/pr_monitor.go:617.10,619.5 1 0
github.com/mcpany/jules/internal/worker/session_cache.go:27.79,29.18 2 0
github.com/mcpany/jules/internal/worker/session_cache.go:29.18,31.3 1 0
github.com/mcpany/jules/internal/worker/session_cache.go:33.2,36.16 4 0
github.com/mcpany/jules/internal/worker/session_cache.go:36.16,38.3 1 0
github.com/mcpany/jules/internal/worker/session_cache.go:40.2,43.16 3 0
github.com/mcpany/jules/internal/worker/session_cache.go:43.16,45.3 1 0
github.com/mcpany/jules/internal/worker/session_cache.go:46.2,48.38 2 0
github.com/mcpany/jules/internal/worker/session_cache.go:48.38,51.3 2 0
github.com/mcpany/jules/internal/worker/session_cache.go:53.2,57.71 2 0
github.com/mcpany/jules/internal/worker/session_cache.go:57.71,59.3 1 0
github.com/mcpany/jules/internal/worker/session_cache.go:62.2,66.12 3 0
github.com/mcpany/jules/internal/worker/session_cache.go:77.146,88.2 1 0
github.com/mcpany/jules/internal/worker/session_cache.go:91.62,93.2 1 0
github.com/mcpany/jules/internal/worker/session_cache.go:95.63,97.6 2 0
github.com/mcpany/jules/internal/worker/session_cache.go:97.6,99.10 2 0
github.com/mcpany/jules/internal/worker/session_cache.go:100.21,101.14 1 0
github.com/mcpany/jules/internal/worker/session_cache.go:102.31,104.42 2 0
github.com/mcpany/jules/internal/worker/session_cache.go:104.42,107.5 2 0
github.com/mcpany/jules/internal/worker/session_cache.go:108.4,110.112 3 0
github.com/mcpany/jules/internal/worker/session_cache.go:115.77,117.2 1 0
github.com/mcpany/jules/internal/worker/session_cache.go:119.66,122.16 2 0
github.com/mcpany/jules/internal/worker/session_cache.go:122.16,124.3 1 0
github.com/mcpany/jules/internal/worker/session_cache.go:126.2,127.16 2 0
github.com/mcpany/jules/internal/worker/session_cache.go:127.16,129.3 1 0
github.com/mcpany/jules/internal/worker/session_cache.go:130.2,135.18 4 0
github.com/mcpany/jules/internal/worker/session_cache.go:135.18,140.75 4 0
github.com/mcpany/jules/internal/worker/session_cache.go:140.75,142.12 2 0
github.com/mcpany/jules/internal/worker/session_cache.go:145.3,151.67 5 0
github.com/mcpany/jules/internal/worker/session_cache.go:151.67,152.12 1 0
github.com/mcpany/jules/internal/worker/session_cache.go:155.3,158.16 3 0
github.com/mcpany/jules/internal/worker/session_cache.go:159.44,160.54 1 0
github.com/mcpany/jules/internal/worker/session_cache.go:161.59,162.59 1 0
github.com/mcpany/jules/internal/worker/session_cache.go:163.20,164.57 1 0
github.com/mcpany/jules/internal/worker/session_cache.go:167.3,167.48 1 0
github.com/mcpany/jules/internal/worker/session_cache.go:167.48,169.4 1 0
github.com/mcpany/jules/internal/worker/session_cache.go:171.3,171.19 1 0
github.com/mcpany/jules/internal/worker/session_cache.go:171.19,173.4 1 0
github.com/mcpany/jules/internal/worker/session_cache.go:175.2,177.31 2 0
github.com/mcpany/jules/internal/worker/session_cache.go:177.31,179.39 2 0
github.com/mcpany/jules/internal/worker/session_cache.go:179.39,180.56 1 0
github.com/mcpany/jules/internal/worker/session_cache.go:180.56,182.5 1 0
github.com/mcpany/jules/internal/worker/session_cache.go:182.10,184.5 1 0
github.com/mcpany/jules/internal/worker/session_cache.go:188.2,188.12 1 0
github.com/mcpany/jules/internal/worker/stale_branch.go:22.125,31.2 1 0
github.com/mcpany/jules/internal/worker/stale_branch.go:33.72,39.6 2 0
github.com/mcpany/jules/internal/worker/stale_branch.go:39.6,41.10 2 0
github.com/mcpany/jules/internal/worker/stale_branch.go:42.21,43.14 1 0
github.com/mcpany/jules/internal/worker/stale_branch.go:44.31,46.42 2 0
github.com/mcpany/jules/internal/worker/stale_branch.go:46.42,49.5 2 0
github.com/mcpany/jules/internal/worker/stale_branch.go:50.4,52.112 3 0
github.com/mcpany/jules/internal/worker/stale_branch.go:57.86,60.50 2 0
github.com/mcpany/jules/internal/worker/stale_branch.go:60.50,63.3 1 0
github.com/mcpany/jules/internal/worker/stale_branch.go:64.2,64.22 1 0
github.com/mcpany/jules/internal/worker/stale_branch.go:67.75,69.16 2 0
github.com/mcpany/jules/internal/worker/stale_branch.go:69.16,71.3 1 0
github.com/mcpany/jules/internal/worker/stale_branch.go:73.2,73.37 1 0
github.com/mcpany/jules/internal/worker/stale_branch.go:73.37,75.3 1 0
github.com/mcpany/jules/internal/worker/stale_branch.go:77.2,78.17 2 0
github.com/mcpany/jules/internal/worker/stale_branch.go:78.17,81.3 2 0
github.com/mcpany/jules/internal/worker/stale_branch.go:83.2,92.16 3 0
github.com/mcpany/jules/internal/worker/stale_branch.go:92.16,94.3 1 0
github.com/mcpany/jules/internal/worker/stale_branch.go:95.2,98.18 3 0
github.com/mcpany/jules/internal/worker/stale_branch.go:98.18,100.39 2 0
github.com/mcpany/jules/internal/worker/stale_branch.go:100.39,102.4 1 0
github.com/mcpany/jules/internal/worker/stale_branch.go:104.2,106.37 2 0
github.com/mcpany/jules/internal/worker/stale_branch.go:106.37,108.22 2 0
github.com/mcpany/jules/internal/worker/stale_branch.go:108.22,109.12 1 0
github.com/mcpany/jules/internal/worker/stale_branch.go:111.3,116.17 4 0
github.com/mcpany/jules/internal/worker/stale_branch.go:116.17,118.12 2 0
github.com/mcpany/jules/internal/worker/stale_branch.go:121.3,121.30 1 0
github.com/mcpany/jules/internal/worker/stale_branch.go:121.30,122.21 1 0
github.com/mcpany/jules/internal/worker/stale_branch.go:122.21,123.13 1 0
github.com/mcpany/jules/internal/worker/stale_branch.go:125.4,129.42 2 0
github.com/mcpany/jules/internal/worker/stale_branch.go:129.42,130.13 1 0
github.com/mcpany/jules/internal/worker/stale_branch.go:146.2,146.12 1 0
