=== RUN   TestCronWorker_RunCheck
    setup_test.go:120: Created table index 0
    setup_test.go:120: Created table index 1
    setup_test.go:120: Created table index 2
    setup_test.go:120: Created table index 3
    setup_test.go:120: Created table index 4
[2026-01-14T20:25:19-08:00] info: Cron test-cron: LastRun 2026-01-14 20:23:19 -0800 PST, Next 2026-01-14 20:24:00 -0800 PST, Now 2026-01-14 20:25:19.230647132 -0800 PST m=+0.003131156
[2026-01-14T20:25:19-08:00] info: CronWorker: Job test-cron (9b99e285-8539-48cb-8009-4217571e9442) is due (Next: 2026-01-14 20:24:00 -0800 PST, Now: 2026-01-14 20:25:19.230647132 -0800 PST m=+0.003131156)
[2026-01-14T20:25:19-08:00] error: CronWorker: Failed to create job for cron 9b99e285-8539-48cb-8009-4217571e9442: failed to create job: no such table: jobs
    cron_test.go:61: 
        	Error Trace:	/home/kevin/jules-master/server/internal/worker/cron_test.go:61
        	Error:      	Should be true
        	Test:       	TestCronWorker_RunCheck
        	Messages:   	Job should have been created from cron
--- FAIL: TestCronWorker_RunCheck (0.00s)
=== RUN   TestSessionCacheWorker_RunCheck
    setup_test.go:120: Created table index 0
    setup_test.go:120: Created table index 1
    setup_test.go:120: Created table index 2
    setup_test.go:120: Created table index 3
    setup_test.go:120: Created table index 4
    session_cache_test.go:50: Pre-condition LastUpdated: 1768451059232
    session_cache_test.go:57: Existing table: settings
    session_cache_test.go:57: Existing table: profiles
    session_cache_test.go:57: Existing table: jobs
    session_cache_test.go:57: Existing table: cron_jobs
    session_cache_test.go:57: Existing table: sessions
    session_cache_test.go:64: Session rows: 1
--- FAIL: TestSessionCacheWorker_RunCheck (0.00s)
panic: LOOP ENTERED [recovered]
	panic: LOOP ENTERED

goroutine 9 [running]:
testing.tRunner.func1.2({0xb8d300, 0xdc2730})
	/usr/lib/go-1.24/src/testing/testing.go:1734 +0x21c
testing.tRunner.func1()
	/usr/lib/go-1.24/src/testing/testing.go:1737 +0x35e
panic({0xb8d300?, 0xdc2730?})
	/usr/lib/go-1.24/src/runtime/panic.go:792 +0x132
github.com/mcpany/jules/internal/worker.(*SessionCacheWorker).runCheck(0xc000193ed0, {0xdcc638, 0x1323780})
	/home/kevin/jules-master/server/internal/worker/session_cache.go:79 +0x137
github.com/mcpany/jules/internal/worker.TestSessionCacheWorker_RunCheck(0xc0001a6c40)
	/home/kevin/jules-master/server/internal/worker/session_cache_test.go:67 +0x685
testing.tRunner(0xc0001a6c40, 0xd07610)
	/usr/lib/go-1.24/src/testing/testing.go:1792 +0xf4
created by testing.(*T).Run in goroutine 1
	/usr/lib/go-1.24/src/testing/testing.go:1851 +0x413
FAIL	github.com/mcpany/jules/internal/worker	0.014s
FAIL
