=== RUN   TestCronWorker_RunCheck
    setup_test.go:120: Created table index 0
    setup_test.go:120: Created table index 1
    setup_test.go:120: Created table index 2
    setup_test.go:120: Created table index 3
    setup_test.go:120: Created table index 4
    cron_test.go:54: Existing table in Cron: settings
    cron_test.go:54: Existing table in Cron: profiles
    cron_test.go:54: Existing table in Cron: jobs
    cron_test.go:54: Existing table in Cron: cron_jobs
    cron_test.go:54: Existing table in Cron: sessions
[2026-01-14T20:26:23-08:00] info: Cron test-cron: LastRun 2026-01-14 20:24:23 -0800 PST, Next 2026-01-14 20:25:00 -0800 PST, Now 2026-01-14 20:26:23.291140321 -0800 PST m=+0.002854664
[2026-01-14T20:26:23-08:00] info: CronWorker: Job test-cron (76049bc0-77cf-40ea-aa19-b0a75c54d8c0) is due (Next: 2026-01-14 20:25:00 -0800 PST, Now: 2026-01-14 20:26:23.291140321 -0800 PST m=+0.002854664)
[2026-01-14T20:26:23-08:00] error: CronWorker: Failed to create job for cron 76049bc0-77cf-40ea-aa19-b0a75c54d8c0: failed to create job: no such table: jobs
    cron_test.go:77: 
        	Error Trace:	/home/kevin/jules-master/server/internal/worker/cron_test.go:77
        	Error:      	Should be true
        	Test:       	TestCronWorker_RunCheck
        	Messages:   	Job should have been created from cron
--- FAIL: TestCronWorker_RunCheck (0.00s)
=== RUN   TestSessionCacheWorker_RunCheck
    setup_test.go:120: Created table index 0
    setup_test.go:120: Created table index 1
    setup_test.go:120: Created table index 2
    setup_test.go:120: Created table index 3
    setup_test.go:120: Created table index 4
    session_cache_test.go:50: Pre-condition LastUpdated: 1768451123293
    session_cache_test.go:57: Existing table: settings
    session_cache_test.go:57: Existing table: profiles
    session_cache_test.go:57: Existing table: jobs
    session_cache_test.go:57: Existing table: cron_jobs
    session_cache_test.go:57: Existing table: sessions
    session_cache_test.go:64: Session rows: 1
    session_cache_test.go:75: 
        	Error Trace:	/home/kevin/jules-master/server/internal/worker/session_cache_test.go:75
        	Error:      	"1768451123293" is not greater than "1768451123293"
        	Test:       	TestSessionCacheWorker_RunCheck
        	Messages:   	LastUpdated should be updated
--- FAIL: TestSessionCacheWorker_RunCheck (0.01s)
FAIL
FAIL	github.com/mcpany/jules/internal/worker	0.017s
FAIL
