=== RUN   TestAutoApprovalWorker_RunCheck
    setup_test.go:121: Created table index 0
    setup_test.go:121: Created table index 1
    setup_test.go:121: Created table index 2
    setup_test.go:121: Created table index 3
    setup_test.go:121: Created table index 4
[2026-01-14T20:33:13-08:00] info: AutoApprovalWorker: Found pending sessions: 1
[2026-01-14T20:33:13-08:00] info: AutoApprovalWorker: Approving session 3fa075ac-b3bd-4d46-8385-38d4e02139fe
--- PASS: TestAutoApprovalWorker_RunCheck (0.00s)
=== RUN   TestAutoApprovalWorker_RunCheck_Disabled
    setup_test.go:121: Created table index 0
    setup_test.go:121: Created table index 1
    setup_test.go:121: Created table index 2
    setup_test.go:121: Created table index 3
    setup_test.go:121: Created table index 4
--- PASS: TestAutoApprovalWorker_RunCheck_Disabled (0.00s)
=== RUN   TestAutoApprovalWorker_GetInterval
    setup_test.go:121: Created table index 0
    setup_test.go:121: Created table index 1
    setup_test.go:121: Created table index 2
    setup_test.go:121: Created table index 3
    setup_test.go:121: Created table index 4
--- PASS: TestAutoApprovalWorker_GetInterval (0.00s)
=== RUN   TestAutoContinueWorker_GetInterval
    setup_test.go:121: Created table index 0
    setup_test.go:121: Created table index 1
    setup_test.go:121: Created table index 2
    setup_test.go:121: Created table index 3
    setup_test.go:121: Created table index 4
--- PASS: TestAutoContinueWorker_GetInterval (0.00s)
=== RUN   TestAutoRetryWorker_GetInterval
    setup_test.go:121: Created table index 0
    setup_test.go:121: Created table index 1
    setup_test.go:121: Created table index 2
    setup_test.go:121: Created table index 3
    setup_test.go:121: Created table index 4
--- PASS: TestAutoRetryWorker_GetInterval (0.00s)
=== RUN   TestBackgroundJobWorker_ProcessJob
    setup_test.go:121: Created table index 0
    setup_test.go:121: Created table index 1
    setup_test.go:121: Created table index 2
    setup_test.go:121: Created table index 3
    setup_test.go:121: Created table index 4
    background_job_test.go:58: Calling workerCtx.ProcessJobs
[2026-01-14T20:33:13-08:00] info: BackgroundJobWorker: Found 1 pending jobs
[2026-01-14T20:33:13-08:00] info: BackgroundJobWorker: Processing job 9335965a-6de9-4346-9dcf-1ac74b7db415
[2026-01-14T20:33:13-08:00] info: BackgroundJobWorker: Job 9335965a-6de9-4346-9dcf-1ac74b7db415 completed with status Succeeded
    background_job_test.go:73: 
        	Error Trace:	/home/kevin/jules-master/server/internal/worker/background_job_test.go:73
        	Error:      	"[b9928447-97f4-4c42-a561-736d9592c30c]" should have 2 item(s), but has 1
        	Test:       	TestBackgroundJobWorker_ProcessJob
    background_job_test.go:79: 
        	Error Trace:	/home/kevin/jules-master/server/internal/worker/background_job_test.go:79
        	Error:      	Not equal: 
        	            	expected: "test-bg-job"
        	            	actual  : "sessions/b9928447-97f4-4c42-a561-736d9592c30c"
        	            	
        	            	Diff:
        	            	--- Expected
        	            	+++ Actual
        	            	@@ -1 +1 @@
        	            	-test-bg-job
        	            	+sessions/b9928447-97f4-4c42-a561-736d9592c30c
        	Test:       	TestBackgroundJobWorker_ProcessJob
--- FAIL: TestBackgroundJobWorker_ProcessJob (0.00s)
=== RUN   TestBackgroundJobWorker_ProcessJob_Partial
    setup_test.go:121: Created table index 0
    setup_test.go:121: Created table index 1
    setup_test.go:121: Created table index 2
    setup_test.go:121: Created table index 3
    setup_test.go:121: Created table index 4
    background_job_test.go:102: Calling workerCtx.ProcessJobs in Partial test
[2026-01-14T20:33:13-08:00] info: BackgroundJobWorker: Found 1 pending jobs
[2026-01-14T20:33:13-08:00] info: BackgroundJobWorker: Processing job job-partial
[2026-01-14T20:33:13-08:00] info: BackgroundJobWorker: Job job-partial completed with status Succeeded
    background_job_test.go:110: 
        	Error Trace:	/home/kevin/jules-master/server/internal/worker/background_job_test.go:110
        	Error:      	Not equal: 
        	            	expected: "sess-1"
        	            	actual  : "88d5f569-c603-4cbf-b5ae-5d63f9168a2b"
        	            	
        	            	Diff:
        	            	--- Expected
        	            	+++ Actual
        	            	@@ -1 +1 @@
        	            	-sess-1
        	            	+88d5f569-c603-4cbf-b5ae-5d63f9168a2b
        	Test:       	TestBackgroundJobWorker_ProcessJob_Partial
--- FAIL: TestBackgroundJobWorker_ProcessJob_Partial (0.00s)
=== RUN   TestCronWorker_RunCheck
    setup_test.go:121: Created table index 0
    setup_test.go:121: Created table index 1
    setup_test.go:121: Created table index 2
    setup_test.go:121: Created table index 3
    setup_test.go:121: Created table index 4
[2026-01-14T20:33:13-08:00] info: Cron test-cron: LastRun 2026-01-14 20:31:13 -0800 PST, Next 2026-01-14 20:32:00 -0800 PST, Now 2026-01-14 20:33:13.18881553 -0800 PST m=+0.014934460
[2026-01-14T20:33:13-08:00] info: CronWorker: Job test-cron (6f11d527-a0b4-48cd-9482-17e198b71677) is due (Next: 2026-01-14 20:32:00 -0800 PST, Now: 2026-01-14 20:33:13.18881553 -0800 PST m=+0.014934460)
